Training started at 2025-09-07 04:35:49.906279
================================================================================

Epoch 1 - 2025-09-07 04:36:03
----------------------------------------
loss           : 8.696752
accuracy       : 0.541706
val_loss       : 5.044689
val_accuracy   : 0.727273
----------------------------------------

Epoch 2 - 2025-09-07 04:36:13
----------------------------------------
loss           : 3.118949
accuracy       : 0.610122
val_loss       : 2.569734
val_accuracy   : 0.619835
----------------------------------------

Epoch 3 - 2025-09-07 04:36:22
----------------------------------------
loss           : 1.644958
accuracy       : 0.627929
val_loss       : 1.811702
val_accuracy   : 0.636364
----------------------------------------

Epoch 4 - 2025-09-07 04:36:31
----------------------------------------
loss           : 1.082639
accuracy       : 0.640112
val_loss       : 1.443004
val_accuracy   : 0.640496
----------------------------------------

Epoch 5 - 2025-09-07 04:36:41
----------------------------------------
loss           : 0.761204
accuracy       : 0.645736
val_loss       : 1.226436
val_accuracy   : 0.574380
----------------------------------------

Epoch 6 - 2025-09-07 04:36:50
----------------------------------------
loss           : 0.569713
accuracy       : 0.660262
val_loss       : 1.068766
val_accuracy   : 0.603306
----------------------------------------

Epoch 7 - 2025-09-07 04:37:00
----------------------------------------
loss           : 0.441596
accuracy       : 0.663543
val_loss       : 0.993751
val_accuracy   : 0.533058
----------------------------------------

Epoch 8 - 2025-09-07 04:37:09
----------------------------------------
loss           : 0.363514
accuracy       : 0.682287
val_loss       : 1.007375
val_accuracy   : 0.590909
----------------------------------------

Epoch 9 - 2025-09-07 04:37:19
----------------------------------------
loss           : 0.302881
accuracy       : 0.691190
val_loss       : 0.893912
val_accuracy   : 0.586777
----------------------------------------

Epoch 10 - 2025-09-07 04:37:28
----------------------------------------
loss           : 0.262721
accuracy       : 0.694939
val_loss       : 1.007064
val_accuracy   : 0.504132
----------------------------------------

Epoch 11 - 2025-09-07 04:37:37
----------------------------------------
loss           : 0.235064
accuracy       : 0.691659
val_loss       : 1.009120
val_accuracy   : 0.590909
----------------------------------------

Epoch 12 - 2025-09-07 04:37:47
----------------------------------------
loss           : 0.215692
accuracy       : 0.682755
val_loss       : 1.001370
val_accuracy   : 0.504132
----------------------------------------

Epoch 13 - 2025-09-07 04:37:56
----------------------------------------
loss           : 0.196637
accuracy       : 0.694470
val_loss       : 1.033994
val_accuracy   : 0.611570
----------------------------------------

Epoch 14 - 2025-09-07 04:38:06
----------------------------------------
loss           : 0.174174
accuracy       : 0.733833
val_loss       : 0.985937
val_accuracy   : 0.599174
----------------------------------------

Epoch 15 - 2025-09-07 04:38:15
----------------------------------------
loss           : 0.169465
accuracy       : 0.721649
val_loss       : 0.927141
val_accuracy   : 0.566116
----------------------------------------

Epoch 16 - 2025-09-07 04:38:25
----------------------------------------
loss           : 0.154819
accuracy       : 0.762887
val_loss       : 1.077300
val_accuracy   : 0.553719
----------------------------------------

Epoch 17 - 2025-09-07 04:38:35
----------------------------------------
loss           : 0.153784
accuracy       : 0.761481
val_loss       : 1.021872
val_accuracy   : 0.574380
----------------------------------------

Epoch 18 - 2025-09-07 04:38:45
----------------------------------------
loss           : 0.140222
accuracy       : 0.751640
val_loss       : 1.094897
val_accuracy   : 0.644628
----------------------------------------

Epoch 19 - 2025-09-07 04:38:55
----------------------------------------
loss           : 0.133649
accuracy       : 0.792409
val_loss       : 0.839721
val_accuracy   : 0.590909
----------------------------------------

Epoch 20 - 2025-09-07 04:39:05
----------------------------------------
loss           : 0.124699
accuracy       : 0.806467
val_loss       : 1.105440
val_accuracy   : 0.607438
----------------------------------------

Epoch 21 - 2025-09-07 04:39:15
----------------------------------------
loss           : 0.119690
accuracy       : 0.817713
val_loss       : 0.999248
val_accuracy   : 0.652893
----------------------------------------

Epoch 22 - 2025-09-07 04:39:25
----------------------------------------
loss           : 0.109225
accuracy       : 0.830834
val_loss       : 0.964448
val_accuracy   : 0.698347
----------------------------------------

Epoch 23 - 2025-09-07 04:39:35
----------------------------------------
loss           : 0.108791
accuracy       : 0.830834
val_loss       : 1.046634
val_accuracy   : 0.652893
----------------------------------------

Epoch 24 - 2025-09-07 04:39:45
----------------------------------------
loss           : 0.100458
accuracy       : 0.850515
val_loss       : 0.910908
val_accuracy   : 0.669421
----------------------------------------

Epoch 25 - 2025-09-07 04:39:55
----------------------------------------
loss           : 0.096233
accuracy       : 0.842549
val_loss       : 1.027688
val_accuracy   : 0.694215
----------------------------------------

Epoch 26 - 2025-09-07 04:40:04
----------------------------------------
loss           : 0.094545
accuracy       : 0.845829
val_loss       : 1.217434
val_accuracy   : 0.599174
----------------------------------------

Epoch 27 - 2025-09-07 04:40:15
----------------------------------------
loss           : 0.096905
accuracy       : 0.847704
val_loss       : 1.094986
val_accuracy   : 0.623967
----------------------------------------

Epoch 28 - 2025-09-07 04:40:25
----------------------------------------
loss           : 0.093902
accuracy       : 0.845361
val_loss       : 0.925305
val_accuracy   : 0.694215
----------------------------------------

Epoch 29 - 2025-09-07 04:40:34
----------------------------------------
loss           : 0.085008
accuracy       : 0.854264
val_loss       : 1.012164
val_accuracy   : 0.665289
----------------------------------------

Epoch 30 - 2025-09-07 04:40:44
----------------------------------------
loss           : 0.089670
accuracy       : 0.845829
val_loss       : 1.225459
val_accuracy   : 0.603306
----------------------------------------

Training completed at 2025-09-07 04:40:44.868516
================================================================================
