Training started at 2025-08-16 14:14:53.740300
================================================================================

Epoch 1 - 2025-08-16 14:15:51
----------------------------------------
loss           : 1.084994
accuracy       : 0.698533
val_loss       : 0.620272
val_accuracy   : 0.829580
----------------------------------------

Epoch 2 - 2025-08-16 14:16:53
----------------------------------------
loss           : 0.247753
accuracy       : 0.781132
val_loss       : 0.468364
val_accuracy   : 0.829580
----------------------------------------

Epoch 3 - 2025-08-16 14:18:17
----------------------------------------
loss           : 0.192736
accuracy       : 0.810901
val_loss       : 0.389728
val_accuracy   : 0.846847
----------------------------------------

Epoch 4 - 2025-08-16 14:19:21
----------------------------------------
loss           : 0.173605
accuracy       : 0.832704
val_loss       : 0.510375
val_accuracy   : 0.834084
----------------------------------------

Epoch 5 - 2025-08-16 14:20:14
----------------------------------------
loss           : 0.163517
accuracy       : 0.848218
val_loss       : 0.860296
val_accuracy   : 0.706456
----------------------------------------

Epoch 6 - 2025-08-16 14:21:20
----------------------------------------
loss           : 0.154710
accuracy       : 0.857862
val_loss       : 0.545271
val_accuracy   : 0.827327
----------------------------------------

Epoch 7 - 2025-08-16 14:22:13
----------------------------------------
loss           : 0.148358
accuracy       : 0.870860
val_loss       : 0.434246
val_accuracy   : 0.839339
----------------------------------------

Epoch 8 - 2025-08-16 14:23:31
----------------------------------------
loss           : 0.144404
accuracy       : 0.873375
val_loss       : 0.433651
val_accuracy   : 0.846847
----------------------------------------

Epoch 9 - 2025-08-16 14:24:24
----------------------------------------
loss           : 0.140923
accuracy       : 0.867505
val_loss       : 0.586008
val_accuracy   : 0.837838
----------------------------------------

Epoch 10 - 2025-08-16 14:25:37
----------------------------------------
loss           : 0.133774
accuracy       : 0.873585
val_loss       : 0.519816
val_accuracy   : 0.826577
----------------------------------------

Epoch 11 - 2025-08-16 14:26:32
----------------------------------------
loss           : 0.128857
accuracy       : 0.875472
val_loss       : 0.446028
val_accuracy   : 0.854354
----------------------------------------

Epoch 12 - 2025-08-16 14:27:26
----------------------------------------
loss           : 0.124522
accuracy       : 0.886583
val_loss       : 0.423487
val_accuracy   : 0.840841
----------------------------------------

Epoch 13 - 2025-08-16 14:28:24
----------------------------------------
loss           : 0.119603
accuracy       : 0.892034
val_loss       : 0.600150
val_accuracy   : 0.801051
----------------------------------------

Epoch 14 - 2025-08-16 14:29:20
----------------------------------------
loss           : 0.116192
accuracy       : 0.893920
val_loss       : 0.559467
val_accuracy   : 0.810060
----------------------------------------

Epoch 15 - 2025-08-16 14:30:17
----------------------------------------
loss           : 0.113069
accuracy       : 0.892662
val_loss       : 0.590812
val_accuracy   : 0.798799
----------------------------------------

Epoch 16 - 2025-08-16 14:31:14
----------------------------------------
loss           : 0.109670
accuracy       : 0.900839
val_loss       : 0.548036
val_accuracy   : 0.832583
----------------------------------------

Epoch 17 - 2025-08-16 14:32:11
----------------------------------------
loss           : 0.106692
accuracy       : 0.905241
val_loss       : 0.541476
val_accuracy   : 0.822072
----------------------------------------

Epoch 18 - 2025-08-16 14:33:08
----------------------------------------
loss           : 0.103691
accuracy       : 0.902516
val_loss       : 0.710076
val_accuracy   : 0.755255
----------------------------------------

Epoch 19 - 2025-08-16 14:34:05
----------------------------------------
loss           : 0.099639
accuracy       : 0.908176
val_loss       : 0.540863
val_accuracy   : 0.823574
----------------------------------------

Epoch 20 - 2025-08-16 14:35:02
----------------------------------------
loss           : 0.093302
accuracy       : 0.912788
val_loss       : 0.747700
val_accuracy   : 0.762763
----------------------------------------

Epoch 21 - 2025-08-16 14:36:00
----------------------------------------
loss           : 0.094902
accuracy       : 0.918449
val_loss       : 0.488540
val_accuracy   : 0.831081
----------------------------------------

Epoch 22 - 2025-08-16 14:36:57
----------------------------------------
loss           : 0.090585
accuracy       : 0.916771
val_loss       : 0.610416
val_accuracy   : 0.825075
----------------------------------------

Epoch 23 - 2025-08-16 14:37:54
----------------------------------------
loss           : 0.090074
accuracy       : 0.924738
val_loss       : 0.582653
val_accuracy   : 0.829580
----------------------------------------

Epoch 24 - 2025-08-16 14:38:52
----------------------------------------
loss           : 0.085549
accuracy       : 0.922851
val_loss       : 0.609615
val_accuracy   : 0.812312
----------------------------------------

Epoch 25 - 2025-08-16 14:39:48
----------------------------------------
loss           : 0.082977
accuracy       : 0.930398
val_loss       : 0.830445
val_accuracy   : 0.769520
----------------------------------------

Epoch 26 - 2025-08-16 14:40:45
----------------------------------------
loss           : 0.078507
accuracy       : 0.932076
val_loss       : 0.981940
val_accuracy   : 0.731231
----------------------------------------

Epoch 27 - 2025-08-16 14:41:44
----------------------------------------
loss           : 0.078778
accuracy       : 0.928512
val_loss       : 0.626407
val_accuracy   : 0.846096
----------------------------------------

Epoch 28 - 2025-08-16 14:42:39
----------------------------------------
loss           : 0.075306
accuracy       : 0.934382
val_loss       : 0.791959
val_accuracy   : 0.752252
----------------------------------------

Epoch 29 - 2025-08-16 14:43:38
----------------------------------------
loss           : 0.071219
accuracy       : 0.932495
val_loss       : 0.786193
val_accuracy   : 0.807808
----------------------------------------

Epoch 30 - 2025-08-16 14:44:33
----------------------------------------
loss           : 0.070591
accuracy       : 0.939413
val_loss       : 0.773792
val_accuracy   : 0.793544
----------------------------------------

Epoch 31 - 2025-08-16 14:45:31
----------------------------------------
loss           : 0.068172
accuracy       : 0.940671
val_loss       : 0.943717
val_accuracy   : 0.743243
----------------------------------------

Epoch 32 - 2025-08-16 14:46:28
----------------------------------------
loss           : 0.064038
accuracy       : 0.944235
val_loss       : 0.830985
val_accuracy   : 0.792042
----------------------------------------

Epoch 33 - 2025-08-16 14:47:26
----------------------------------------
loss           : 0.064242
accuracy       : 0.938994
val_loss       : 0.724347
val_accuracy   : 0.812312
----------------------------------------

Epoch 34 - 2025-08-16 14:48:22
----------------------------------------
loss           : 0.067019
accuracy       : 0.940671
val_loss       : 0.715242
val_accuracy   : 0.806306
----------------------------------------

Epoch 35 - 2025-08-16 14:49:25
----------------------------------------
loss           : 0.060650
accuracy       : 0.947589
val_loss       : 0.818677
val_accuracy   : 0.811562
----------------------------------------

Epoch 36 - 2025-08-16 14:50:20
----------------------------------------
loss           : 0.059320
accuracy       : 0.948218
val_loss       : 0.937906
val_accuracy   : 0.816817
----------------------------------------

Epoch 37 - 2025-08-16 14:51:41
----------------------------------------
loss           : 0.063028
accuracy       : 0.947170
val_loss       : 0.749806
val_accuracy   : 0.807057
----------------------------------------

Epoch 38 - 2025-08-16 14:52:40
----------------------------------------
loss           : 0.060386
accuracy       : 0.946960
val_loss       : 0.808277
val_accuracy   : 0.834835
----------------------------------------

Epoch 39 - 2025-08-16 14:53:38
----------------------------------------
loss           : 0.059026
accuracy       : 0.946960
val_loss       : 0.790893
val_accuracy   : 0.800300
----------------------------------------

Epoch 40 - 2025-08-16 14:54:40
----------------------------------------
loss           : 0.052030
accuracy       : 0.953459
val_loss       : 0.950202
val_accuracy   : 0.801802
----------------------------------------

Epoch 41 - 2025-08-16 14:55:37
----------------------------------------
loss           : 0.057588
accuracy       : 0.950943
val_loss       : 0.822527
val_accuracy   : 0.833333
----------------------------------------

Epoch 42 - 2025-08-16 14:56:50
----------------------------------------
loss           : 0.051789
accuracy       : 0.952621
val_loss       : 0.862324
val_accuracy   : 0.818318
----------------------------------------

Epoch 43 - 2025-08-16 14:57:43
----------------------------------------
loss           : 0.050653
accuracy       : 0.952621
val_loss       : 0.814390
val_accuracy   : 0.813063
----------------------------------------

Epoch 44 - 2025-08-16 14:59:02
----------------------------------------
loss           : 0.050259
accuracy       : 0.955136
val_loss       : 0.925108
val_accuracy   : 0.821321
----------------------------------------

Epoch 45 - 2025-08-16 14:59:55
----------------------------------------
loss           : 0.049509
accuracy       : 0.959329
val_loss       : 0.905972
val_accuracy   : 0.852102
----------------------------------------

Epoch 46 - 2025-08-16 15:01:04
----------------------------------------
loss           : 0.050008
accuracy       : 0.959958
val_loss       : 1.037544
val_accuracy   : 0.801802
----------------------------------------

Epoch 47 - 2025-08-16 15:02:03
----------------------------------------
loss           : 0.048262
accuracy       : 0.960168
val_loss       : 1.070711
val_accuracy   : 0.774024
----------------------------------------

Epoch 48 - 2025-08-16 15:02:55
----------------------------------------
loss           : 0.047027
accuracy       : 0.959748
val_loss       : 0.686687
val_accuracy   : 0.817568
----------------------------------------

Epoch 49 - 2025-08-16 15:04:16
----------------------------------------
loss           : 0.048367
accuracy       : 0.960168
val_loss       : 0.708803
val_accuracy   : 0.822072
----------------------------------------

Epoch 50 - 2025-08-16 15:05:17
----------------------------------------
loss           : 0.043976
accuracy       : 0.963732
val_loss       : 1.130246
val_accuracy   : 0.811562
----------------------------------------

Epoch 51 - 2025-08-16 15:06:45
----------------------------------------
loss           : 0.049866
accuracy       : 0.960587
val_loss       : 0.881405
val_accuracy   : 0.831832
----------------------------------------

Epoch 52 - 2025-08-16 15:07:47
----------------------------------------
loss           : 0.042698
accuracy       : 0.964151
val_loss       : 1.071290
val_accuracy   : 0.786036
----------------------------------------

Epoch 53 - 2025-08-16 15:09:16
----------------------------------------
loss           : 0.048269
accuracy       : 0.960377
val_loss       : 1.017082
val_accuracy   : 0.831832
----------------------------------------

Epoch 54 - 2025-08-16 15:10:17
----------------------------------------
loss           : 0.043944
accuracy       : 0.966667
val_loss       : 0.821503
val_accuracy   : 0.813814
----------------------------------------

Epoch 55 - 2025-08-16 15:11:45
----------------------------------------
loss           : 0.045639
accuracy       : 0.964570
val_loss       : 0.868205
val_accuracy   : 0.780030
----------------------------------------

Epoch 56 - 2025-08-16 15:13:00
----------------------------------------
loss           : 0.043092
accuracy       : 0.967086
val_loss       : 0.861850
val_accuracy   : 0.807808
----------------------------------------

Epoch 57 - 2025-08-16 15:14:13
----------------------------------------
loss           : 0.040410
accuracy       : 0.969392
val_loss       : 0.896823
val_accuracy   : 0.830330
----------------------------------------

Epoch 58 - 2025-08-16 15:15:42
----------------------------------------
loss           : 0.040945
accuracy       : 0.968344
val_loss       : 0.839604
val_accuracy   : 0.825826
----------------------------------------

Epoch 59 - 2025-08-16 15:16:44
----------------------------------------
loss           : 0.038234
accuracy       : 0.970650
val_loss       : 0.754940
val_accuracy   : 0.828829
----------------------------------------

Epoch 60 - 2025-08-16 15:18:07
----------------------------------------
loss           : 0.043259
accuracy       : 0.965828
val_loss       : 0.900277
val_accuracy   : 0.835586
----------------------------------------

Epoch 61 - 2025-08-16 15:19:11
----------------------------------------
loss           : 0.042265
accuracy       : 0.965409
val_loss       : 1.004540
val_accuracy   : 0.820571
----------------------------------------

Epoch 62 - 2025-08-16 15:20:35
----------------------------------------
loss           : 0.040294
accuracy       : 0.970440
val_loss       : 0.802014
val_accuracy   : 0.828829
----------------------------------------

Epoch 63 - 2025-08-16 15:21:59
----------------------------------------
loss           : 0.036315
accuracy       : 0.971698
val_loss       : 0.984903
val_accuracy   : 0.792793
----------------------------------------

Epoch 64 - 2025-08-16 15:23:04
----------------------------------------
loss           : 0.035680
accuracy       : 0.974423
val_loss       : 1.019666
val_accuracy   : 0.775526
----------------------------------------

Epoch 65 - 2025-08-16 15:24:25
----------------------------------------
loss           : 0.041197
accuracy       : 0.967296
val_loss       : 0.868910
val_accuracy   : 0.798048
----------------------------------------

Epoch 66 - 2025-08-16 15:25:28
----------------------------------------
loss           : 0.037477
accuracy       : 0.970231
val_loss       : 1.113539
val_accuracy   : 0.819069
----------------------------------------

Epoch 67 - 2025-08-16 15:26:56
----------------------------------------
loss           : 0.041379
accuracy       : 0.966038
val_loss       : 0.780726
val_accuracy   : 0.812312
----------------------------------------

Epoch 68 - 2025-08-16 15:27:56
----------------------------------------
loss           : 0.034297
accuracy       : 0.974423
val_loss       : 1.004549
val_accuracy   : 0.840841
----------------------------------------

Epoch 69 - 2025-08-16 15:29:18
----------------------------------------
loss           : 0.032614
accuracy       : 0.976101
val_loss       : 1.173157
val_accuracy   : 0.820571
----------------------------------------

Epoch 70 - 2025-08-16 15:30:33
----------------------------------------
loss           : 0.031585
accuracy       : 0.974843
val_loss       : 1.457887
val_accuracy   : 0.795045
----------------------------------------

Epoch 71 - 2025-08-16 15:31:41
----------------------------------------
loss           : 0.039450
accuracy       : 0.970440
val_loss       : 0.859830
val_accuracy   : 0.759009
----------------------------------------

Epoch 72 - 2025-08-16 15:33:05
----------------------------------------
loss           : 0.034754
accuracy       : 0.975472
val_loss       : 0.857010
val_accuracy   : 0.756757
----------------------------------------

Epoch 73 - 2025-08-16 15:34:07
----------------------------------------
loss           : 0.034455
accuracy       : 0.975262
val_loss       : 1.189674
val_accuracy   : 0.804054
----------------------------------------

Epoch 74 - 2025-08-16 15:35:16
----------------------------------------
loss           : 0.033365
accuracy       : 0.973166
val_loss       : 1.043730
val_accuracy   : 0.780030
----------------------------------------

Epoch 75 - 2025-08-16 15:36:24
----------------------------------------
loss           : 0.037921
accuracy       : 0.974423
val_loss       : 0.982759
val_accuracy   : 0.834084
----------------------------------------

Epoch 76 - 2025-08-16 15:37:32
----------------------------------------
loss           : 0.033878
accuracy       : 0.974423
val_loss       : 0.767520
val_accuracy   : 0.819069
----------------------------------------

Epoch 77 - 2025-08-16 15:38:41
----------------------------------------
loss           : 0.030743
accuracy       : 0.977778
val_loss       : 1.025727
val_accuracy   : 0.832583
----------------------------------------

Epoch 78 - 2025-08-16 15:39:49
----------------------------------------
loss           : 0.031939
accuracy       : 0.976730
val_loss       : 1.275917
val_accuracy   : 0.826577
----------------------------------------

Epoch 79 - 2025-08-16 15:41:05
----------------------------------------
loss           : 0.037832
accuracy       : 0.972956
val_loss       : 0.956674
val_accuracy   : 0.813814
----------------------------------------

Epoch 80 - 2025-08-16 15:42:13
----------------------------------------
loss           : 0.040418
accuracy       : 0.971908
val_loss       : 0.841998
val_accuracy   : 0.830330
----------------------------------------

Training completed at 2025-08-16 15:42:13.268271
================================================================================
