Training started at 2025-08-15 20:16:50.083389
================================================================================

Epoch 1 - 2025-08-15 20:17:51
----------------------------------------
loss           : 0.463953
accuracy       : 0.703774
val_loss       : 0.467768
val_accuracy   : 0.860360
----------------------------------------

Epoch 2 - 2025-08-15 20:19:31
----------------------------------------
loss           : 0.258851
accuracy       : 0.795597
val_loss       : 0.925340
val_accuracy   : 0.681682
----------------------------------------

Epoch 3 - 2025-08-15 20:20:31
----------------------------------------
loss           : 0.210440
accuracy       : 0.824109
val_loss       : 0.444903
val_accuracy   : 0.858859
----------------------------------------

Epoch 4 - 2025-08-15 20:21:58
----------------------------------------
loss           : 0.182470
accuracy       : 0.845702
val_loss       : 0.593317
val_accuracy   : 0.823574
----------------------------------------

Epoch 5 - 2025-08-15 20:23:17
----------------------------------------
loss           : 0.161065
accuracy       : 0.857023
val_loss       : 0.473313
val_accuracy   : 0.835586
----------------------------------------

Epoch 6 - 2025-08-15 20:24:19
----------------------------------------
loss           : 0.154243
accuracy       : 0.862264
val_loss       : 0.543979
val_accuracy   : 0.819069
----------------------------------------

Epoch 7 - 2025-08-15 20:25:47
----------------------------------------
loss           : 0.144637
accuracy       : 0.872537
val_loss       : 0.658658
val_accuracy   : 0.801051
----------------------------------------

Epoch 8 - 2025-08-15 20:26:45
----------------------------------------
loss           : 0.136197
accuracy       : 0.879455
val_loss       : 0.454583
val_accuracy   : 0.843093
----------------------------------------

Epoch 9 - 2025-08-15 20:28:13
----------------------------------------
loss           : 0.137762
accuracy       : 0.876310
val_loss       : 0.642709
val_accuracy   : 0.792042
----------------------------------------

Epoch 10 - 2025-08-15 20:29:12
----------------------------------------
loss           : 0.132876
accuracy       : 0.879874
val_loss       : 0.519995
val_accuracy   : 0.812312
----------------------------------------

Epoch 11 - 2025-08-15 20:30:36
----------------------------------------
loss           : 0.125472
accuracy       : 0.888050
val_loss       : 0.740321
val_accuracy   : 0.813063
----------------------------------------

Epoch 12 - 2025-08-15 20:31:43
----------------------------------------
loss           : 0.119386
accuracy       : 0.894340
val_loss       : 0.585279
val_accuracy   : 0.810811
----------------------------------------

Epoch 13 - 2025-08-15 20:32:58
----------------------------------------
loss           : 0.119860
accuracy       : 0.888679
val_loss       : 0.555148
val_accuracy   : 0.865616
----------------------------------------

Epoch 14 - 2025-08-15 20:34:23
----------------------------------------
loss           : 0.117380
accuracy       : 0.894130
val_loss       : 0.515258
val_accuracy   : 0.840841
----------------------------------------

Epoch 15 - 2025-08-15 20:35:23
----------------------------------------
loss           : 0.112935
accuracy       : 0.897904
val_loss       : 0.614940
val_accuracy   : 0.814565
----------------------------------------

Epoch 16 - 2025-08-15 20:36:50
----------------------------------------
loss           : 0.109771
accuracy       : 0.898533
val_loss       : 0.683643
val_accuracy   : 0.776276
----------------------------------------

Epoch 17 - 2025-08-15 20:37:52
----------------------------------------
loss           : 0.103680
accuracy       : 0.904612
val_loss       : 0.537951
val_accuracy   : 0.818318
----------------------------------------

Epoch 18 - 2025-08-15 20:39:12
----------------------------------------
loss           : 0.103424
accuracy       : 0.905660
val_loss       : 0.780244
val_accuracy   : 0.790541
----------------------------------------

Epoch 19 - 2025-08-15 20:40:17
----------------------------------------
loss           : 0.100843
accuracy       : 0.905241
val_loss       : 0.749256
val_accuracy   : 0.771772
----------------------------------------

Epoch 20 - 2025-08-15 20:41:37
----------------------------------------
loss           : 0.094129
accuracy       : 0.918239
val_loss       : 0.581915
val_accuracy   : 0.817568
----------------------------------------

Epoch 21 - 2025-08-15 20:42:44
----------------------------------------
loss           : 0.092486
accuracy       : 0.911321
val_loss       : 0.826224
val_accuracy   : 0.797297
----------------------------------------

Epoch 22 - 2025-08-15 20:43:50
----------------------------------------
loss           : 0.089395
accuracy       : 0.920964
val_loss       : 0.637986
val_accuracy   : 0.853604
----------------------------------------

Epoch 23 - 2025-08-15 20:44:59
----------------------------------------
loss           : 0.085774
accuracy       : 0.921803
val_loss       : 0.652518
val_accuracy   : 0.817568
----------------------------------------

Epoch 24 - 2025-08-15 20:46:06
----------------------------------------
loss           : 0.083853
accuracy       : 0.924948
val_loss       : 0.732946
val_accuracy   : 0.778529
----------------------------------------

Epoch 25 - 2025-08-15 20:47:13
----------------------------------------
loss           : 0.077907
accuracy       : 0.932495
val_loss       : 0.864119
val_accuracy   : 0.742492
----------------------------------------

Epoch 26 - 2025-08-15 20:48:36
----------------------------------------
loss           : 0.081124
accuracy       : 0.922432
val_loss       : 0.671078
val_accuracy   : 0.824324
----------------------------------------

Epoch 27 - 2025-08-15 20:49:42
----------------------------------------
loss           : 0.079557
accuracy       : 0.927463
val_loss       : 0.876151
val_accuracy   : 0.786036
----------------------------------------

Epoch 28 - 2025-08-15 20:51:07
----------------------------------------
loss           : 0.074366
accuracy       : 0.930398
val_loss       : 0.865040
val_accuracy   : 0.817568
----------------------------------------

Epoch 29 - 2025-08-15 20:52:23
----------------------------------------
loss           : 0.072060
accuracy       : 0.932704
val_loss       : 0.722332
val_accuracy   : 0.809309
----------------------------------------

Epoch 30 - 2025-08-15 20:53:27
----------------------------------------
loss           : 0.069647
accuracy       : 0.937736
val_loss       : 0.791012
val_accuracy   : 0.821321
----------------------------------------

Epoch 31 - 2025-08-15 20:54:53
----------------------------------------
loss           : 0.068103
accuracy       : 0.936897
val_loss       : 0.864973
val_accuracy   : 0.820571
----------------------------------------

Epoch 32 - 2025-08-15 20:55:56
----------------------------------------
loss           : 0.066097
accuracy       : 0.933962
val_loss       : 1.123412
val_accuracy   : 0.819069
----------------------------------------

Epoch 33 - 2025-08-15 20:57:16
----------------------------------------
loss           : 0.072086
accuracy       : 0.932285
val_loss       : 0.752116
val_accuracy   : 0.823574
----------------------------------------

Epoch 34 - 2025-08-15 20:58:18
----------------------------------------
loss           : 0.060815
accuracy       : 0.943816
val_loss       : 0.914793
val_accuracy   : 0.837838
----------------------------------------

Epoch 35 - 2025-08-15 20:59:43
----------------------------------------
loss           : 0.060193
accuracy       : 0.941929
val_loss       : 0.873059
val_accuracy   : 0.834835
----------------------------------------

Epoch 36 - 2025-08-15 21:00:50
----------------------------------------
loss           : 0.065430
accuracy       : 0.939623
val_loss       : 0.726806
val_accuracy   : 0.834084
----------------------------------------

Epoch 37 - 2025-08-15 21:02:03
----------------------------------------
loss           : 0.059586
accuracy       : 0.949266
val_loss       : 0.896178
val_accuracy   : 0.834835
----------------------------------------

Epoch 38 - 2025-08-15 21:03:15
----------------------------------------
loss           : 0.058590
accuracy       : 0.948637
val_loss       : 0.878647
val_accuracy   : 0.807057
----------------------------------------

Epoch 39 - 2025-08-15 21:04:25
----------------------------------------
loss           : 0.053712
accuracy       : 0.954088
val_loss       : 0.789941
val_accuracy   : 0.851351
----------------------------------------

Epoch 40 - 2025-08-15 21:05:40
----------------------------------------
loss           : 0.054718
accuracy       : 0.949895
val_loss       : 0.808653
val_accuracy   : 0.833333
----------------------------------------

Epoch 41 - 2025-08-15 21:06:52
----------------------------------------
loss           : 0.054380
accuracy       : 0.951363
val_loss       : 0.874973
val_accuracy   : 0.743994
----------------------------------------

Epoch 42 - 2025-08-15 21:08:03
----------------------------------------
loss           : 0.050311
accuracy       : 0.956813
val_loss       : 0.904875
val_accuracy   : 0.811562
----------------------------------------

Epoch 43 - 2025-08-15 21:09:13
----------------------------------------
loss           : 0.052146
accuracy       : 0.953459
val_loss       : 1.149188
val_accuracy   : 0.746997
----------------------------------------

Epoch 44 - 2025-08-15 21:10:26
----------------------------------------
loss           : 0.048832
accuracy       : 0.957442
val_loss       : 0.926132
val_accuracy   : 0.816817
----------------------------------------

Epoch 45 - 2025-08-15 21:11:38
----------------------------------------
loss           : 0.048294
accuracy       : 0.958910
val_loss       : 0.852342
val_accuracy   : 0.816066
----------------------------------------

Epoch 46 - 2025-08-15 21:12:51
----------------------------------------
loss           : 0.047854
accuracy       : 0.962474
val_loss       : 0.838375
val_accuracy   : 0.823574
----------------------------------------

Epoch 47 - 2025-08-15 21:14:08
----------------------------------------
loss           : 0.049478
accuracy       : 0.959539
val_loss       : 0.608507
val_accuracy   : 0.821321
----------------------------------------

Epoch 48 - 2025-08-15 21:15:14
----------------------------------------
loss           : 0.046675
accuracy       : 0.956604
val_loss       : 0.878608
val_accuracy   : 0.824324
----------------------------------------

Epoch 49 - 2025-08-15 21:16:25
----------------------------------------
loss           : 0.047850
accuracy       : 0.952830
val_loss       : 0.953964
val_accuracy   : 0.787538
----------------------------------------

Epoch 50 - 2025-08-15 21:17:33
----------------------------------------
loss           : 0.044607
accuracy       : 0.962264
val_loss       : 0.954442
val_accuracy   : 0.821321
----------------------------------------

Epoch 51 - 2025-08-15 21:18:43
----------------------------------------
loss           : 0.041341
accuracy       : 0.965409
val_loss       : 0.964749
val_accuracy   : 0.807808
----------------------------------------

Epoch 52 - 2025-08-15 21:19:38
----------------------------------------
loss           : 0.044509
accuracy       : 0.962474
val_loss       : 0.791581
val_accuracy   : 0.815315
----------------------------------------

Epoch 53 - 2025-08-15 21:20:31
----------------------------------------
loss           : 0.037340
accuracy       : 0.968134
val_loss       : 1.018995
val_accuracy   : 0.804054
----------------------------------------

Epoch 54 - 2025-08-15 21:21:25
----------------------------------------
loss           : 0.041647
accuracy       : 0.962264
val_loss       : 0.871442
val_accuracy   : 0.819820
----------------------------------------

Epoch 55 - 2025-08-15 21:22:17
----------------------------------------
loss           : 0.040288
accuracy       : 0.962474
val_loss       : 0.939938
val_accuracy   : 0.822823
----------------------------------------

Epoch 56 - 2025-08-15 21:23:11
----------------------------------------
loss           : 0.045006
accuracy       : 0.964361
val_loss       : 1.001913
val_accuracy   : 0.843844
----------------------------------------

Epoch 57 - 2025-08-15 21:24:05
----------------------------------------
loss           : 0.043229
accuracy       : 0.967925
val_loss       : 0.809523
val_accuracy   : 0.827327
----------------------------------------

Epoch 58 - 2025-08-15 21:24:57
----------------------------------------
loss           : 0.036690
accuracy       : 0.969811
val_loss       : 0.923555
val_accuracy   : 0.816817
----------------------------------------

Epoch 59 - 2025-08-15 21:25:50
----------------------------------------
loss           : 0.041331
accuracy       : 0.966457
val_loss       : 0.995848
val_accuracy   : 0.840841
----------------------------------------

Epoch 60 - 2025-08-15 21:26:44
----------------------------------------
loss           : 0.036348
accuracy       : 0.968134
val_loss       : 1.237772
val_accuracy   : 0.815315
----------------------------------------

Epoch 61 - 2025-08-15 21:27:36
----------------------------------------
loss           : 0.040397
accuracy       : 0.969392
val_loss       : 0.889205
val_accuracy   : 0.835586
----------------------------------------

Epoch 62 - 2025-08-15 21:28:29
----------------------------------------
loss           : 0.044787
accuracy       : 0.963732
val_loss       : 0.811158
val_accuracy   : 0.835586
----------------------------------------

Epoch 63 - 2025-08-15 21:29:22
----------------------------------------
loss           : 0.041609
accuracy       : 0.963522
val_loss       : 0.790098
val_accuracy   : 0.835586
----------------------------------------

Epoch 64 - 2025-08-15 21:30:14
----------------------------------------
loss           : 0.038689
accuracy       : 0.969602
val_loss       : 0.814937
val_accuracy   : 0.820571
----------------------------------------

Epoch 65 - 2025-08-15 21:31:08
----------------------------------------
loss           : 0.039329
accuracy       : 0.968134
val_loss       : 0.930951
val_accuracy   : 0.801802
----------------------------------------

Epoch 66 - 2025-08-15 21:32:00
----------------------------------------
loss           : 0.039497
accuracy       : 0.970440
val_loss       : 0.764020
val_accuracy   : 0.821321
----------------------------------------

Epoch 67 - 2025-08-15 21:32:55
----------------------------------------
loss           : 0.037953
accuracy       : 0.972327
val_loss       : 0.996185
val_accuracy   : 0.791291
----------------------------------------

Epoch 68 - 2025-08-15 21:33:47
----------------------------------------
loss           : 0.034142
accuracy       : 0.974004
val_loss       : 0.979230
val_accuracy   : 0.809309
----------------------------------------

Epoch 69 - 2025-08-15 21:34:41
----------------------------------------
loss           : 0.041560
accuracy       : 0.967715
val_loss       : 0.839837
val_accuracy   : 0.841592
----------------------------------------

Epoch 70 - 2025-08-15 21:35:33
----------------------------------------
loss           : 0.032273
accuracy       : 0.974004
val_loss       : 0.911547
val_accuracy   : 0.830330
----------------------------------------

Epoch 71 - 2025-08-15 21:36:26
----------------------------------------
loss           : 0.039688
accuracy       : 0.970021
val_loss       : 0.804298
val_accuracy   : 0.844595
----------------------------------------

Epoch 72 - 2025-08-15 21:37:19
----------------------------------------
loss           : 0.034710
accuracy       : 0.974004
val_loss       : 1.156939
val_accuracy   : 0.775526
----------------------------------------

Epoch 73 - 2025-08-15 21:38:11
----------------------------------------
loss           : 0.032228
accuracy       : 0.976520
val_loss       : 1.061854
val_accuracy   : 0.816817
----------------------------------------

Epoch 74 - 2025-08-15 21:39:24
----------------------------------------
loss           : 0.033390
accuracy       : 0.977149
val_loss       : 0.897506
val_accuracy   : 0.839339
----------------------------------------

Epoch 75 - 2025-08-15 21:40:13
----------------------------------------
loss           : 0.030516
accuracy       : 0.975472
val_loss       : 0.906163
val_accuracy   : 0.793544
----------------------------------------

Epoch 76 - 2025-08-15 21:41:29
----------------------------------------
loss           : 0.034671
accuracy       : 0.972746
val_loss       : 1.048962
val_accuracy   : 0.797297
----------------------------------------

Epoch 77 - 2025-08-15 21:42:21
----------------------------------------
loss           : 0.030251
accuracy       : 0.975472
val_loss       : 1.219194
val_accuracy   : 0.823574
----------------------------------------

Epoch 78 - 2025-08-15 21:43:11
----------------------------------------
loss           : 0.031846
accuracy       : 0.977359
val_loss       : 0.875784
val_accuracy   : 0.829580
----------------------------------------

Epoch 79 - 2025-08-15 21:44:28
----------------------------------------
loss           : 0.033855
accuracy       : 0.974633
val_loss       : 0.952893
val_accuracy   : 0.816817
----------------------------------------

Epoch 80 - 2025-08-15 21:45:18
----------------------------------------
loss           : 0.029071
accuracy       : 0.975472
val_loss       : 0.990706
val_accuracy   : 0.792042
----------------------------------------

Training completed at 2025-08-15 21:45:18.087783
================================================================================
