Training started at 2025-09-10 08:47:51.799141
================================================================================

Epoch 1 - 2025-09-10 08:48:33
----------------------------------------
loss           : 3.883384
accuracy       : 0.659080
val_loss       : 1.139508
val_accuracy   : 0.892405
----------------------------------------

Epoch 2 - 2025-09-10 08:49:10
----------------------------------------
loss           : 0.582124
accuracy       : 0.800859
val_loss       : 0.432484
val_accuracy   : 0.915348
----------------------------------------

Epoch 3 - 2025-09-10 08:49:47
----------------------------------------
loss           : 0.252676
accuracy       : 0.818509
val_loss       : 0.516221
val_accuracy   : 0.776108
----------------------------------------

Epoch 4 - 2025-09-10 08:50:23
----------------------------------------
loss           : 0.179632
accuracy       : 0.825360
val_loss       : 0.348974
val_accuracy   : 0.878956
----------------------------------------

Epoch 5 - 2025-09-10 08:51:00
----------------------------------------
loss           : 0.155067
accuracy       : 0.834185
val_loss       : 0.305105
val_accuracy   : 0.882911
----------------------------------------

Epoch 6 - 2025-09-10 08:51:37
----------------------------------------
loss           : 0.143584
accuracy       : 0.837668
val_loss       : 0.414580
val_accuracy   : 0.830696
----------------------------------------

Epoch 7 - 2025-09-10 08:52:14
----------------------------------------
loss           : 0.137801
accuracy       : 0.842197
val_loss       : 0.410314
val_accuracy   : 0.837025
----------------------------------------

Epoch 8 - 2025-09-10 08:52:50
----------------------------------------
loss           : 0.134568
accuracy       : 0.843358
val_loss       : 0.362284
val_accuracy   : 0.860759
----------------------------------------

Epoch 9 - 2025-09-10 08:53:27
----------------------------------------
loss           : 0.131792
accuracy       : 0.844868
val_loss       : 0.289485
val_accuracy   : 0.881329
----------------------------------------

Epoch 10 - 2025-09-10 08:54:04
----------------------------------------
loss           : 0.128794
accuracy       : 0.851719
val_loss       : 0.437285
val_accuracy   : 0.832278
----------------------------------------

Epoch 11 - 2025-09-10 08:54:41
----------------------------------------
loss           : 0.128481
accuracy       : 0.846145
val_loss       : 0.232003
val_accuracy   : 0.902690
----------------------------------------

Epoch 12 - 2025-09-10 08:55:18
----------------------------------------
loss           : 0.127426
accuracy       : 0.849512
val_loss       : 0.346866
val_accuracy   : 0.854430
----------------------------------------

Epoch 13 - 2025-09-10 08:55:55
----------------------------------------
loss           : 0.125560
accuracy       : 0.845564
val_loss       : 0.523258
val_accuracy   : 0.787184
----------------------------------------

Epoch 14 - 2025-09-10 08:56:31
----------------------------------------
loss           : 0.125620
accuracy       : 0.850441
val_loss       : 0.285196
val_accuracy   : 0.884494
----------------------------------------

Epoch 15 - 2025-09-10 08:57:08
----------------------------------------
loss           : 0.124131
accuracy       : 0.852880
val_loss       : 0.374122
val_accuracy   : 0.847310
----------------------------------------

Epoch 16 - 2025-09-10 08:57:45
----------------------------------------
loss           : 0.124205
accuracy       : 0.847654
val_loss       : 0.211425
val_accuracy   : 0.920095
----------------------------------------

Epoch 17 - 2025-09-10 08:58:23
----------------------------------------
loss           : 0.122891
accuracy       : 0.849861
val_loss       : 0.300248
val_accuracy   : 0.877373
----------------------------------------

Epoch 18 - 2025-09-10 08:58:59
----------------------------------------
loss           : 0.121430
accuracy       : 0.854621
val_loss       : 0.258985
val_accuracy   : 0.901108
----------------------------------------

Epoch 19 - 2025-09-10 08:59:37
----------------------------------------
loss           : 0.120359
accuracy       : 0.852531
val_loss       : 0.258237
val_accuracy   : 0.904272
----------------------------------------

Epoch 20 - 2025-09-10 09:00:14
----------------------------------------
loss           : 0.122828
accuracy       : 0.848583
val_loss       : 0.389731
val_accuracy   : 0.840981
----------------------------------------

Epoch 21 - 2025-09-10 09:00:51
----------------------------------------
loss           : 0.120939
accuracy       : 0.854738
val_loss       : 0.284120
val_accuracy   : 0.871835
----------------------------------------

Epoch 22 - 2025-09-10 09:01:28
----------------------------------------
loss           : 0.118847
accuracy       : 0.855667
val_loss       : 0.307326
val_accuracy   : 0.874209
----------------------------------------

Epoch 23 - 2025-09-10 09:02:05
----------------------------------------
loss           : 0.120652
accuracy       : 0.855667
val_loss       : 0.324354
val_accuracy   : 0.863924
----------------------------------------

Epoch 24 - 2025-09-10 09:02:42
----------------------------------------
loss           : 0.116624
accuracy       : 0.855783
val_loss       : 0.346272
val_accuracy   : 0.857595
----------------------------------------

Epoch 25 - 2025-09-10 09:03:19
----------------------------------------
loss           : 0.118317
accuracy       : 0.853112
val_loss       : 0.220221
val_accuracy   : 0.905063
----------------------------------------

Epoch 26 - 2025-09-10 09:03:56
----------------------------------------
loss           : 0.115686
accuracy       : 0.859150
val_loss       : 0.335929
val_accuracy   : 0.867880
----------------------------------------

Epoch 27 - 2025-09-10 09:04:33
----------------------------------------
loss           : 0.117022
accuracy       : 0.850906
val_loss       : 0.248735
val_accuracy   : 0.899525
----------------------------------------

Epoch 28 - 2025-09-10 09:05:11
----------------------------------------
loss           : 0.114929
accuracy       : 0.857292
val_loss       : 0.273022
val_accuracy   : 0.876582
----------------------------------------

Epoch 29 - 2025-09-10 09:05:48
----------------------------------------
loss           : 0.114223
accuracy       : 0.856479
val_loss       : 0.317573
val_accuracy   : 0.865506
----------------------------------------

Epoch 30 - 2025-09-10 09:06:24
----------------------------------------
loss           : 0.114986
accuracy       : 0.857757
val_loss       : 0.301280
val_accuracy   : 0.873418
----------------------------------------

Epoch 31 - 2025-09-10 09:07:01
----------------------------------------
loss           : 0.113027
accuracy       : 0.854157
val_loss       : 0.289380
val_accuracy   : 0.881329
----------------------------------------

Epoch 32 - 2025-09-10 09:07:39
----------------------------------------
loss           : 0.110387
accuracy       : 0.863330
val_loss       : 0.336242
val_accuracy   : 0.863133
----------------------------------------

Epoch 33 - 2025-09-10 09:08:16
----------------------------------------
loss           : 0.111538
accuracy       : 0.856712
val_loss       : 0.286773
val_accuracy   : 0.877373
----------------------------------------

Epoch 34 - 2025-09-10 09:08:52
----------------------------------------
loss           : 0.109558
accuracy       : 0.859614
val_loss       : 0.308629
val_accuracy   : 0.872627
----------------------------------------

Epoch 35 - 2025-09-10 09:09:30
----------------------------------------
loss           : 0.111484
accuracy       : 0.856363
val_loss       : 0.215694
val_accuracy   : 0.904272
----------------------------------------

Epoch 36 - 2025-09-10 09:10:08
----------------------------------------
loss           : 0.110785
accuracy       : 0.860892
val_loss       : 0.260391
val_accuracy   : 0.892405
----------------------------------------

Epoch 37 - 2025-09-10 09:10:45
----------------------------------------
loss           : 0.110719
accuracy       : 0.855086
val_loss       : 0.342219
val_accuracy   : 0.859177
----------------------------------------

Epoch 38 - 2025-09-10 09:11:22
----------------------------------------
loss           : 0.108853
accuracy       : 0.858802
val_loss       : 0.254763
val_accuracy   : 0.897152
----------------------------------------

Epoch 39 - 2025-09-10 09:11:59
----------------------------------------
loss           : 0.109090
accuracy       : 0.865188
val_loss       : 0.232657
val_accuracy   : 0.894778
----------------------------------------

Epoch 40 - 2025-09-10 09:12:36
----------------------------------------
loss           : 0.107183
accuracy       : 0.862053
val_loss       : 0.291490
val_accuracy   : 0.880538
----------------------------------------

Epoch 41 - 2025-09-10 09:13:13
----------------------------------------
loss           : 0.108457
accuracy       : 0.862053
val_loss       : 0.334819
val_accuracy   : 0.868671
----------------------------------------

Epoch 42 - 2025-09-10 09:13:51
----------------------------------------
loss           : 0.108701
accuracy       : 0.859963
val_loss       : 0.272082
val_accuracy   : 0.889241
----------------------------------------

Epoch 43 - 2025-09-10 09:14:28
----------------------------------------
loss           : 0.106296
accuracy       : 0.864956
val_loss       : 0.189991
val_accuracy   : 0.917722
----------------------------------------

Epoch 44 - 2025-09-10 09:15:05
----------------------------------------
loss           : 0.107800
accuracy       : 0.863214
val_loss       : 0.324943
val_accuracy   : 0.869462
----------------------------------------

Epoch 45 - 2025-09-10 09:15:42
----------------------------------------
loss           : 0.108075
accuracy       : 0.858918
val_loss       : 0.195862
val_accuracy   : 0.916930
----------------------------------------

Epoch 46 - 2025-09-10 09:16:19
----------------------------------------
loss           : 0.106492
accuracy       : 0.862169
val_loss       : 0.228765
val_accuracy   : 0.900316
----------------------------------------

Epoch 47 - 2025-09-10 09:16:56
----------------------------------------
loss           : 0.105721
accuracy       : 0.863911
val_loss       : 0.213027
val_accuracy   : 0.905854
----------------------------------------

Epoch 48 - 2025-09-10 09:17:33
----------------------------------------
loss           : 0.104925
accuracy       : 0.869484
val_loss       : 0.287323
val_accuracy   : 0.881329
----------------------------------------

Epoch 49 - 2025-09-10 09:18:10
----------------------------------------
loss           : 0.104659
accuracy       : 0.864956
val_loss       : 0.301872
val_accuracy   : 0.875791
----------------------------------------

Epoch 50 - 2025-09-10 09:18:47
----------------------------------------
loss           : 0.104397
accuracy       : 0.864027
val_loss       : 0.318634
val_accuracy   : 0.870253
----------------------------------------

Epoch 51 - 2025-09-10 09:19:24
----------------------------------------
loss           : 0.105248
accuracy       : 0.866001
val_loss       : 0.230800
val_accuracy   : 0.893987
----------------------------------------

Epoch 52 - 2025-09-10 09:20:02
----------------------------------------
loss           : 0.103296
accuracy       : 0.867975
val_loss       : 0.256599
val_accuracy   : 0.887658
----------------------------------------

Epoch 53 - 2025-09-10 09:20:39
----------------------------------------
loss           : 0.105115
accuracy       : 0.861937
val_loss       : 0.323749
val_accuracy   : 0.867089
----------------------------------------

Epoch 54 - 2025-09-10 09:21:16
----------------------------------------
loss           : 0.104676
accuracy       : 0.862866
val_loss       : 0.299780
val_accuracy   : 0.875791
----------------------------------------

Epoch 55 - 2025-09-10 09:21:54
----------------------------------------
loss           : 0.103418
accuracy       : 0.868439
val_loss       : 0.252067
val_accuracy   : 0.882911
----------------------------------------

Epoch 56 - 2025-09-10 09:22:31
----------------------------------------
loss           : 0.104073
accuracy       : 0.867510
val_loss       : 0.310634
val_accuracy   : 0.870253
----------------------------------------

Epoch 57 - 2025-09-10 09:23:08
----------------------------------------
loss           : 0.104000
accuracy       : 0.867162
val_loss       : 0.261936
val_accuracy   : 0.886867
----------------------------------------

Epoch 58 - 2025-09-10 09:23:45
----------------------------------------
loss           : 0.103561
accuracy       : 0.868207
val_loss       : 0.338726
val_accuracy   : 0.856013
----------------------------------------

Epoch 59 - 2025-09-10 09:24:23
----------------------------------------
loss           : 0.103966
accuracy       : 0.864375
val_loss       : 0.398655
val_accuracy   : 0.838608
----------------------------------------

Epoch 60 - 2025-09-10 09:25:00
----------------------------------------
loss           : 0.101742
accuracy       : 0.869020
val_loss       : 0.308802
val_accuracy   : 0.868671
----------------------------------------

Epoch 61 - 2025-09-10 09:25:37
----------------------------------------
loss           : 0.102672
accuracy       : 0.865769
val_loss       : 0.232036
val_accuracy   : 0.899525
----------------------------------------

Epoch 62 - 2025-09-10 09:26:14
----------------------------------------
loss           : 0.100170
accuracy       : 0.870413
val_loss       : 0.265392
val_accuracy   : 0.882911
----------------------------------------

Epoch 63 - 2025-09-10 09:26:52
----------------------------------------
loss           : 0.102522
accuracy       : 0.865072
val_loss       : 0.280608
val_accuracy   : 0.878956
----------------------------------------

Epoch 64 - 2025-09-10 09:27:29
----------------------------------------
loss           : 0.101024
accuracy       : 0.870181
val_loss       : 0.234164
val_accuracy   : 0.892405
----------------------------------------

Epoch 65 - 2025-09-10 09:28:06
----------------------------------------
loss           : 0.099865
accuracy       : 0.871923
val_loss       : 0.344563
val_accuracy   : 0.859177
----------------------------------------

Epoch 66 - 2025-09-10 09:28:44
----------------------------------------
loss           : 0.102177
accuracy       : 0.868323
val_loss       : 0.219365
val_accuracy   : 0.904272
----------------------------------------

Epoch 67 - 2025-09-10 09:29:22
----------------------------------------
loss           : 0.103347
accuracy       : 0.867046
val_loss       : 0.293473
val_accuracy   : 0.878165
----------------------------------------

Epoch 68 - 2025-09-10 09:29:59
----------------------------------------
loss           : 0.101088
accuracy       : 0.872039
val_loss       : 0.266527
val_accuracy   : 0.885285
----------------------------------------

Epoch 69 - 2025-09-10 09:30:36
----------------------------------------
loss           : 0.102077
accuracy       : 0.867859
val_loss       : 0.268480
val_accuracy   : 0.885285
----------------------------------------

Epoch 70 - 2025-09-10 09:31:13
----------------------------------------
loss           : 0.099885
accuracy       : 0.872736
val_loss       : 0.285226
val_accuracy   : 0.878165
----------------------------------------

Epoch 71 - 2025-09-10 09:31:51
----------------------------------------
loss           : 0.100118
accuracy       : 0.869368
val_loss       : 0.275861
val_accuracy   : 0.887658
----------------------------------------

Epoch 72 - 2025-09-10 09:32:28
----------------------------------------
loss           : 0.099040
accuracy       : 0.870413
val_loss       : 0.216037
val_accuracy   : 0.906646
----------------------------------------

Epoch 73 - 2025-09-10 09:33:06
----------------------------------------
loss           : 0.099078
accuracy       : 0.874013
val_loss       : 0.311433
val_accuracy   : 0.870253
----------------------------------------

Epoch 74 - 2025-09-10 09:33:43
----------------------------------------
loss           : 0.100399
accuracy       : 0.868788
val_loss       : 0.261855
val_accuracy   : 0.892405
----------------------------------------

Epoch 75 - 2025-09-10 09:34:21
----------------------------------------
loss           : 0.099272
accuracy       : 0.867859
val_loss       : 0.221710
val_accuracy   : 0.898734
----------------------------------------

Epoch 76 - 2025-09-10 09:34:58
----------------------------------------
loss           : 0.101214
accuracy       : 0.867975
val_loss       : 0.342392
val_accuracy   : 0.860759
----------------------------------------

Epoch 77 - 2025-09-10 09:35:35
----------------------------------------
loss           : 0.099498
accuracy       : 0.872387
val_loss       : 0.320916
val_accuracy   : 0.865506
----------------------------------------

Epoch 78 - 2025-09-10 09:36:13
----------------------------------------
loss           : 0.099532
accuracy       : 0.872620
val_loss       : 0.242099
val_accuracy   : 0.893987
----------------------------------------

Epoch 79 - 2025-09-10 09:36:51
----------------------------------------
loss           : 0.098497
accuracy       : 0.875523
val_loss       : 0.280415
val_accuracy   : 0.881329
----------------------------------------

Epoch 80 - 2025-09-10 09:37:28
----------------------------------------
loss           : 0.098022
accuracy       : 0.872155
val_loss       : 0.291034
val_accuracy   : 0.875000
----------------------------------------

Epoch 81 - 2025-09-10 09:38:05
----------------------------------------
loss           : 0.098173
accuracy       : 0.873200
val_loss       : 0.263856
val_accuracy   : 0.888449
----------------------------------------

Epoch 82 - 2025-09-10 09:38:42
----------------------------------------
loss           : 0.099803
accuracy       : 0.869949
val_loss       : 0.328957
val_accuracy   : 0.867880
----------------------------------------

Epoch 83 - 2025-09-10 09:39:19
----------------------------------------
loss           : 0.100017
accuracy       : 0.870065
val_loss       : 0.245174
val_accuracy   : 0.887658
----------------------------------------

Epoch 84 - 2025-09-10 09:39:56
----------------------------------------
loss           : 0.098096
accuracy       : 0.868672
val_loss       : 0.240356
val_accuracy   : 0.890823
----------------------------------------

Epoch 85 - 2025-09-10 09:40:34
----------------------------------------
loss           : 0.099154
accuracy       : 0.874477
val_loss       : 0.276764
val_accuracy   : 0.880538
----------------------------------------

Epoch 86 - 2025-09-10 09:41:10
----------------------------------------
loss           : 0.097745
accuracy       : 0.873200
val_loss       : 0.339533
val_accuracy   : 0.863133
----------------------------------------

Epoch 87 - 2025-09-10 09:41:48
----------------------------------------
loss           : 0.096930
accuracy       : 0.872968
val_loss       : 0.303254
val_accuracy   : 0.874209
----------------------------------------

Epoch 88 - 2025-09-10 09:42:25
----------------------------------------
loss           : 0.097171
accuracy       : 0.876451
val_loss       : 0.327499
val_accuracy   : 0.866297
----------------------------------------

Epoch 89 - 2025-09-10 09:43:03
----------------------------------------
loss           : 0.096347
accuracy       : 0.875290
val_loss       : 0.236562
val_accuracy   : 0.893987
----------------------------------------

Epoch 90 - 2025-09-10 09:43:40
----------------------------------------
loss           : 0.096317
accuracy       : 0.876219
val_loss       : 0.221678
val_accuracy   : 0.893196
----------------------------------------

Epoch 91 - 2025-09-10 09:44:18
----------------------------------------
loss           : 0.097135
accuracy       : 0.876800
val_loss       : 0.360370
val_accuracy   : 0.849684
----------------------------------------

Epoch 92 - 2025-09-10 09:44:55
----------------------------------------
loss           : 0.097013
accuracy       : 0.876451
val_loss       : 0.368287
val_accuracy   : 0.850475
----------------------------------------

Epoch 93 - 2025-09-10 09:45:32
----------------------------------------
loss           : 0.095801
accuracy       : 0.876684
val_loss       : 0.211633
val_accuracy   : 0.901899
----------------------------------------

Epoch 94 - 2025-09-10 09:46:09
----------------------------------------
loss           : 0.096767
accuracy       : 0.876684
val_loss       : 0.253739
val_accuracy   : 0.886076
----------------------------------------

Epoch 95 - 2025-09-10 09:46:46
----------------------------------------
loss           : 0.095233
accuracy       : 0.875639
val_loss       : 0.196499
val_accuracy   : 0.909019
----------------------------------------

Epoch 96 - 2025-09-10 09:47:23
----------------------------------------
loss           : 0.095289
accuracy       : 0.876684
val_loss       : 0.263365
val_accuracy   : 0.884494
----------------------------------------

Epoch 97 - 2025-09-10 09:48:01
----------------------------------------
loss           : 0.095628
accuracy       : 0.874361
val_loss       : 0.258316
val_accuracy   : 0.887658
----------------------------------------

Epoch 98 - 2025-09-10 09:48:38
----------------------------------------
loss           : 0.095064
accuracy       : 0.877613
val_loss       : 0.293359
val_accuracy   : 0.878956
----------------------------------------

Epoch 99 - 2025-09-10 09:49:16
----------------------------------------
loss           : 0.097143
accuracy       : 0.872271
val_loss       : 0.275170
val_accuracy   : 0.879747
----------------------------------------

Epoch 100 - 2025-09-10 09:49:52
----------------------------------------
loss           : 0.095734
accuracy       : 0.872503
val_loss       : 0.255551
val_accuracy   : 0.895570
----------------------------------------

Training completed at 2025-09-10 09:49:52.850706
================================================================================
