Training started at 2025-08-15 16:39:17.552841
================================================================================

Epoch 1 - 2025-08-15 16:41:24
----------------------------------------
loss           : 0.714568
accuracy       : 0.704168
val_loss       : 0.755936
val_accuracy   : 0.879842
----------------------------------------

Epoch 2 - 2025-08-15 16:43:19
----------------------------------------
loss           : 0.550495
accuracy       : 0.819343
val_loss       : 0.657285
val_accuracy   : 0.894071
----------------------------------------

Epoch 3 - 2025-08-15 16:45:33
----------------------------------------
loss           : 0.488611
accuracy       : 0.838268
val_loss       : 0.735409
val_accuracy   : 0.849012
----------------------------------------

Epoch 4 - 2025-08-15 16:47:37
----------------------------------------
loss           : 0.442123
accuracy       : 0.847208
val_loss       : 0.507080
val_accuracy   : 0.920949
----------------------------------------

Epoch 5 - 2025-08-15 16:49:46
----------------------------------------
loss           : 0.400096
accuracy       : 0.854290
val_loss       : 0.499522
val_accuracy   : 0.902767
----------------------------------------

Epoch 6 - 2025-08-15 16:52:02
----------------------------------------
loss           : 0.366162
accuracy       : 0.858005
val_loss       : 0.519375
val_accuracy   : 0.882213
----------------------------------------

Epoch 7 - 2025-08-15 16:54:22
----------------------------------------
loss           : 0.337473
accuracy       : 0.863230
val_loss       : 0.578782
val_accuracy   : 0.862451
----------------------------------------

Epoch 8 - 2025-08-15 16:56:29
----------------------------------------
loss           : 0.311276
accuracy       : 0.865900
val_loss       : 0.497373
val_accuracy   : 0.883794
----------------------------------------

Epoch 9 - 2025-08-15 16:58:42
----------------------------------------
loss           : 0.290759
accuracy       : 0.868106
val_loss       : 0.472217
val_accuracy   : 0.886166
----------------------------------------

Epoch 10 - 2025-08-15 17:00:55
----------------------------------------
loss           : 0.271658
accuracy       : 0.871009
val_loss       : 0.484804
val_accuracy   : 0.875889
----------------------------------------

Epoch 11 - 2025-08-15 17:03:02
----------------------------------------
loss           : 0.253804
accuracy       : 0.874724
val_loss       : 0.490352
val_accuracy   : 0.873518
----------------------------------------

Epoch 12 - 2025-08-15 17:04:51
----------------------------------------
loss           : 0.239429
accuracy       : 0.880297
val_loss       : 0.521273
val_accuracy   : 0.862451
----------------------------------------

Epoch 13 - 2025-08-15 17:07:04
----------------------------------------
loss           : 0.226901
accuracy       : 0.878904
val_loss       : 0.394581
val_accuracy   : 0.894862
----------------------------------------

Epoch 14 - 2025-08-15 17:09:16
----------------------------------------
loss           : 0.213660
accuracy       : 0.885290
val_loss       : 0.553577
val_accuracy   : 0.844269
----------------------------------------

Epoch 15 - 2025-08-15 17:11:27
----------------------------------------
loss           : 0.204193
accuracy       : 0.880529
val_loss       : 0.403482
val_accuracy   : 0.893281
----------------------------------------

Epoch 16 - 2025-08-15 17:13:40
----------------------------------------
loss           : 0.194884
accuracy       : 0.884825
val_loss       : 0.371990
val_accuracy   : 0.898814
----------------------------------------

Epoch 17 - 2025-08-15 17:15:49
----------------------------------------
loss           : 0.185556
accuracy       : 0.885870
val_loss       : 0.397551
val_accuracy   : 0.877470
----------------------------------------

Epoch 18 - 2025-08-15 17:17:46
----------------------------------------
loss           : 0.179073
accuracy       : 0.883896
val_loss       : 0.379881
val_accuracy   : 0.883004
----------------------------------------

Epoch 19 - 2025-08-15 17:19:22
----------------------------------------
loss           : 0.172069
accuracy       : 0.887496
val_loss       : 0.438840
val_accuracy   : 0.877470
----------------------------------------

Epoch 20 - 2025-08-15 17:21:23
----------------------------------------
loss           : 0.165916
accuracy       : 0.886451
val_loss       : 0.382292
val_accuracy   : 0.878261
----------------------------------------

Epoch 21 - 2025-08-15 17:23:25
----------------------------------------
loss           : 0.159530
accuracy       : 0.890747
val_loss       : 0.446570
val_accuracy   : 0.853755
----------------------------------------

Epoch 22 - 2025-08-15 17:25:20
----------------------------------------
loss           : 0.153450
accuracy       : 0.889005
val_loss       : 0.405437
val_accuracy   : 0.883004
----------------------------------------

Epoch 23 - 2025-08-15 17:26:49
----------------------------------------
loss           : 0.148793
accuracy       : 0.893301
val_loss       : 0.313507
val_accuracy   : 0.906719
----------------------------------------

Epoch 24 - 2025-08-15 17:28:48
----------------------------------------
loss           : 0.143961
accuracy       : 0.897945
val_loss       : 0.474645
val_accuracy   : 0.858498
----------------------------------------

Epoch 25 - 2025-08-15 17:30:42
----------------------------------------
loss           : 0.140144
accuracy       : 0.896784
val_loss       : 0.432864
val_accuracy   : 0.855336
----------------------------------------

Epoch 26 - 2025-08-15 17:32:23
----------------------------------------
loss           : 0.136834
accuracy       : 0.892836
val_loss       : 0.424542
val_accuracy   : 0.873518
----------------------------------------

Epoch 27 - 2025-08-15 17:34:01
----------------------------------------
loss           : 0.133167
accuracy       : 0.899222
val_loss       : 0.338775
val_accuracy   : 0.895652
----------------------------------------

Epoch 28 - 2025-08-15 17:35:45
----------------------------------------
loss           : 0.130815
accuracy       : 0.896900
val_loss       : 0.348357
val_accuracy   : 0.886957
----------------------------------------

Epoch 29 - 2025-08-15 17:37:12
----------------------------------------
loss           : 0.126574
accuracy       : 0.900615
val_loss       : 0.335417
val_accuracy   : 0.886166
----------------------------------------

Epoch 30 - 2025-08-15 17:39:05
----------------------------------------
loss           : 0.122779
accuracy       : 0.900151
val_loss       : 0.328483
val_accuracy   : 0.916206
----------------------------------------

Epoch 31 - 2025-08-15 17:40:39
----------------------------------------
loss           : 0.121850
accuracy       : 0.901660
val_loss       : 0.399254
val_accuracy   : 0.875889
----------------------------------------

Epoch 32 - 2025-08-15 17:42:11
----------------------------------------
loss           : 0.116575
accuracy       : 0.903054
val_loss       : 0.321349
val_accuracy   : 0.884585
----------------------------------------

Epoch 33 - 2025-08-15 17:43:45
----------------------------------------
loss           : 0.114790
accuracy       : 0.904795
val_loss       : 0.304508
val_accuracy   : 0.901186
----------------------------------------

Epoch 34 - 2025-08-15 17:45:26
----------------------------------------
loss           : 0.113570
accuracy       : 0.904911
val_loss       : 0.322861
val_accuracy   : 0.889328
----------------------------------------

Epoch 35 - 2025-08-15 17:46:58
----------------------------------------
loss           : 0.110382
accuracy       : 0.907930
val_loss       : 0.398755
val_accuracy   : 0.885375
----------------------------------------

Epoch 36 - 2025-08-15 17:48:28
----------------------------------------
loss           : 0.110089
accuracy       : 0.905724
val_loss       : 0.325289
val_accuracy   : 0.887747
----------------------------------------

Epoch 37 - 2025-08-15 17:50:00
----------------------------------------
loss           : 0.106007
accuracy       : 0.908743
val_loss       : 0.351114
val_accuracy   : 0.895652
----------------------------------------

Epoch 38 - 2025-08-15 17:51:33
----------------------------------------
loss           : 0.104637
accuracy       : 0.909207
val_loss       : 0.362536
val_accuracy   : 0.867194
----------------------------------------

Epoch 39 - 2025-08-15 17:53:03
----------------------------------------
loss           : 0.102199
accuracy       : 0.909555
val_loss       : 0.290744
val_accuracy   : 0.894862
----------------------------------------

Epoch 40 - 2025-08-15 17:54:44
----------------------------------------
loss           : 0.101454
accuracy       : 0.913851
val_loss       : 0.336645
val_accuracy   : 0.898024
----------------------------------------

Epoch 41 - 2025-08-15 17:56:14
----------------------------------------
loss           : 0.100547
accuracy       : 0.911181
val_loss       : 0.301857
val_accuracy   : 0.900395
----------------------------------------

Epoch 42 - 2025-08-15 17:57:47
----------------------------------------
loss           : 0.097946
accuracy       : 0.909904
val_loss       : 0.341725
val_accuracy   : 0.893281
----------------------------------------

Epoch 43 - 2025-08-15 17:59:18
----------------------------------------
loss           : 0.097069
accuracy       : 0.917334
val_loss       : 0.382063
val_accuracy   : 0.877470
----------------------------------------

Epoch 44 - 2025-08-15 18:00:48
----------------------------------------
loss           : 0.095520
accuracy       : 0.918263
val_loss       : 0.382572
val_accuracy   : 0.886957
----------------------------------------

Epoch 45 - 2025-08-15 18:02:33
----------------------------------------
loss           : 0.094033
accuracy       : 0.915128
val_loss       : 0.337026
val_accuracy   : 0.898814
----------------------------------------

Epoch 46 - 2025-08-15 18:04:09
----------------------------------------
loss           : 0.090455
accuracy       : 0.921630
val_loss       : 0.343827
val_accuracy   : 0.898814
----------------------------------------

Epoch 47 - 2025-08-15 18:05:43
----------------------------------------
loss           : 0.089229
accuracy       : 0.921978
val_loss       : 0.303295
val_accuracy   : 0.909881
----------------------------------------

Epoch 48 - 2025-08-15 18:07:26
----------------------------------------
loss           : 0.088666
accuracy       : 0.920817
val_loss       : 0.354676
val_accuracy   : 0.892490
----------------------------------------

Epoch 49 - 2025-08-15 18:08:54
----------------------------------------
loss           : 0.086877
accuracy       : 0.917334
val_loss       : 0.330072
val_accuracy   : 0.905929
----------------------------------------

Epoch 50 - 2025-08-15 18:10:40
----------------------------------------
loss           : 0.085815
accuracy       : 0.921398
val_loss       : 0.335780
val_accuracy   : 0.895652
----------------------------------------

Epoch 51 - 2025-08-15 18:12:11
----------------------------------------
loss           : 0.084614
accuracy       : 0.922675
val_loss       : 0.323069
val_accuracy   : 0.910672
----------------------------------------

Epoch 52 - 2025-08-15 18:13:39
----------------------------------------
loss           : 0.083980
accuracy       : 0.924881
val_loss       : 0.303856
val_accuracy   : 0.909881
----------------------------------------

Epoch 53 - 2025-08-15 18:15:23
----------------------------------------
loss           : 0.083469
accuracy       : 0.923952
val_loss       : 0.335110
val_accuracy   : 0.894862
----------------------------------------

Epoch 54 - 2025-08-15 18:16:55
----------------------------------------
loss           : 0.082065
accuracy       : 0.926042
val_loss       : 0.256302
val_accuracy   : 0.919368
----------------------------------------

Epoch 55 - 2025-08-15 18:18:40
----------------------------------------
loss           : 0.080657
accuracy       : 0.924068
val_loss       : 0.305981
val_accuracy   : 0.915415
----------------------------------------

Epoch 56 - 2025-08-15 18:20:13
----------------------------------------
loss           : 0.078668
accuracy       : 0.925926
val_loss       : 0.358492
val_accuracy   : 0.911462
----------------------------------------

Epoch 57 - 2025-08-15 18:21:46
----------------------------------------
loss           : 0.077419
accuracy       : 0.930918
val_loss       : 0.363858
val_accuracy   : 0.893281
----------------------------------------

Epoch 58 - 2025-08-15 18:23:17
----------------------------------------
loss           : 0.076860
accuracy       : 0.929293
val_loss       : 0.347134
val_accuracy   : 0.908300
----------------------------------------

Epoch 59 - 2025-08-15 18:24:46
----------------------------------------
loss           : 0.076986
accuracy       : 0.928364
val_loss       : 0.417243
val_accuracy   : 0.906719
----------------------------------------

Epoch 60 - 2025-08-15 18:26:25
----------------------------------------
loss           : 0.075179
accuracy       : 0.930686
val_loss       : 0.330106
val_accuracy   : 0.906719
----------------------------------------

Epoch 61 - 2025-08-15 18:27:54
----------------------------------------
loss           : 0.075131
accuracy       : 0.929641
val_loss       : 0.306469
val_accuracy   : 0.910672
----------------------------------------

Epoch 62 - 2025-08-15 18:29:37
----------------------------------------
loss           : 0.075491
accuracy       : 0.931151
val_loss       : 0.335943
val_accuracy   : 0.904348
----------------------------------------

Epoch 63 - 2025-08-15 18:31:13
----------------------------------------
loss           : 0.072879
accuracy       : 0.932660
val_loss       : 0.364715
val_accuracy   : 0.905929
----------------------------------------

Epoch 64 - 2025-08-15 18:32:54
----------------------------------------
loss           : 0.070357
accuracy       : 0.934982
val_loss       : 0.321195
val_accuracy   : 0.914625
----------------------------------------

Epoch 65 - 2025-08-15 18:34:37
----------------------------------------
loss           : 0.070113
accuracy       : 0.936143
val_loss       : 0.392410
val_accuracy   : 0.893281
----------------------------------------

Epoch 66 - 2025-08-15 18:36:22
----------------------------------------
loss           : 0.071587
accuracy       : 0.935330
val_loss       : 0.385240
val_accuracy   : 0.905138
----------------------------------------

Epoch 67 - 2025-08-15 18:38:09
----------------------------------------
loss           : 0.069986
accuracy       : 0.935795
val_loss       : 0.314251
val_accuracy   : 0.909091
----------------------------------------

Epoch 68 - 2025-08-15 18:39:56
----------------------------------------
loss           : 0.068691
accuracy       : 0.936375
val_loss       : 0.309738
val_accuracy   : 0.913834
----------------------------------------

Epoch 69 - 2025-08-15 18:42:10
----------------------------------------
loss           : 0.066733
accuracy       : 0.936607
val_loss       : 0.343647
val_accuracy   : 0.915415
----------------------------------------

Epoch 70 - 2025-08-15 18:44:01
----------------------------------------
loss           : 0.065994
accuracy       : 0.940671
val_loss       : 0.419328
val_accuracy   : 0.904348
----------------------------------------

Epoch 71 - 2025-08-15 18:46:01
----------------------------------------
loss           : 0.066033
accuracy       : 0.941368
val_loss       : 0.293261
val_accuracy   : 0.917787
----------------------------------------

Epoch 72 - 2025-08-15 18:47:53
----------------------------------------
loss           : 0.065791
accuracy       : 0.942064
val_loss       : 0.351654
val_accuracy   : 0.909881
----------------------------------------

Epoch 73 - 2025-08-15 18:50:04
----------------------------------------
loss           : 0.063168
accuracy       : 0.942877
val_loss       : 0.459728
val_accuracy   : 0.906719
----------------------------------------

Epoch 74 - 2025-08-15 18:52:20
----------------------------------------
loss           : 0.062733
accuracy       : 0.944154
val_loss       : 0.397340
val_accuracy   : 0.918577
----------------------------------------

Epoch 75 - 2025-08-15 18:54:07
----------------------------------------
loss           : 0.063694
accuracy       : 0.937769
val_loss       : 0.332998
val_accuracy   : 0.919368
----------------------------------------

Epoch 76 - 2025-08-15 18:56:00
----------------------------------------
loss           : 0.063533
accuracy       : 0.943690
val_loss       : 0.385375
val_accuracy   : 0.911462
----------------------------------------

Epoch 77 - 2025-08-15 18:58:13
----------------------------------------
loss           : 0.063026
accuracy       : 0.943922
val_loss       : 0.371266
val_accuracy   : 0.906719
----------------------------------------

Epoch 78 - 2025-08-15 19:00:40
----------------------------------------
loss           : 0.060017
accuracy       : 0.945083
val_loss       : 0.428287
val_accuracy   : 0.913834
----------------------------------------

Epoch 79 - 2025-08-15 19:02:57
----------------------------------------
loss           : 0.060515
accuracy       : 0.943690
val_loss       : 0.406833
val_accuracy   : 0.909881
----------------------------------------

Epoch 80 - 2025-08-15 19:05:17
----------------------------------------
loss           : 0.060529
accuracy       : 0.947405
val_loss       : 0.350998
val_accuracy   : 0.912253
----------------------------------------

Training completed at 2025-08-15 19:05:17.642543
================================================================================
