Training started at 2025-08-26 08:57:20.855554
================================================================================

Epoch 1 - 2025-08-26 08:58:15
----------------------------------------
loss           : 2.525357
accuracy       : 0.699161
val_loss       : 1.883996
val_accuracy   : 0.832583
----------------------------------------

Epoch 2 - 2025-08-26 08:59:14
----------------------------------------
loss           : 1.118161
accuracy       : 0.784696
val_loss       : 1.107100
val_accuracy   : 0.834835
----------------------------------------

Epoch 3 - 2025-08-26 09:00:13
----------------------------------------
loss           : 0.645227
accuracy       : 0.815514
val_loss       : 0.788204
val_accuracy   : 0.843844
----------------------------------------

Epoch 4 - 2025-08-26 09:01:12
----------------------------------------
loss           : 0.416358
accuracy       : 0.829979
val_loss       : 0.595848
val_accuracy   : 0.844595
----------------------------------------

Epoch 5 - 2025-08-26 09:02:11
----------------------------------------
loss           : 0.303477
accuracy       : 0.842138
val_loss       : 0.558666
val_accuracy   : 0.847598
----------------------------------------

Epoch 6 - 2025-08-26 09:03:11
----------------------------------------
loss           : 0.255285
accuracy       : 0.847379
val_loss       : 0.487251
val_accuracy   : 0.851351
----------------------------------------

Epoch 7 - 2025-08-26 09:04:10
----------------------------------------
loss           : 0.223019
accuracy       : 0.860377
val_loss       : 0.657471
val_accuracy   : 0.759760
----------------------------------------

Epoch 8 - 2025-08-26 09:04:59
----------------------------------------
loss           : 0.208062
accuracy       : 0.853669
val_loss       : 0.505186
val_accuracy   : 0.834084
----------------------------------------

Epoch 9 - 2025-08-26 09:05:49
----------------------------------------
loss           : 0.195671
accuracy       : 0.857023
val_loss       : 0.637660
val_accuracy   : 0.770270
----------------------------------------

Epoch 10 - 2025-08-26 09:06:39
----------------------------------------
loss           : 0.189754
accuracy       : 0.859539
val_loss       : 0.443470
val_accuracy   : 0.861862
----------------------------------------

Epoch 11 - 2025-08-26 09:07:38
----------------------------------------
loss           : 0.182555
accuracy       : 0.863941
val_loss       : 0.385227
val_accuracy   : 0.864865
----------------------------------------

Epoch 12 - 2025-08-26 09:08:39
----------------------------------------
loss           : 0.177343
accuracy       : 0.867086
val_loss       : 0.559792
val_accuracy   : 0.816066
----------------------------------------

Epoch 13 - 2025-08-26 09:09:29
----------------------------------------
loss           : 0.172670
accuracy       : 0.867925
val_loss       : 0.540328
val_accuracy   : 0.833333
----------------------------------------

Epoch 14 - 2025-08-26 09:10:19
----------------------------------------
loss           : 0.170915
accuracy       : 0.863103
val_loss       : 0.573891
val_accuracy   : 0.813814
----------------------------------------

Epoch 15 - 2025-08-26 09:11:10
----------------------------------------
loss           : 0.165254
accuracy       : 0.868973
val_loss       : 0.473670
val_accuracy   : 0.838589
----------------------------------------

Epoch 16 - 2025-08-26 09:12:01
----------------------------------------
loss           : 0.163839
accuracy       : 0.870440
val_loss       : 0.450832
val_accuracy   : 0.855105
----------------------------------------

Epoch 17 - 2025-08-26 09:12:51
----------------------------------------
loss           : 0.162689
accuracy       : 0.866457
val_loss       : 0.567122
val_accuracy   : 0.792042
----------------------------------------

Epoch 18 - 2025-08-26 09:13:41
----------------------------------------
loss           : 0.160643
accuracy       : 0.869392
val_loss       : 0.558249
val_accuracy   : 0.819069
----------------------------------------

Epoch 19 - 2025-08-26 09:14:32
----------------------------------------
loss           : 0.160757
accuracy       : 0.865618
val_loss       : 0.482886
val_accuracy   : 0.834084
----------------------------------------

Epoch 20 - 2025-08-26 09:15:22
----------------------------------------
loss           : 0.158187
accuracy       : 0.869392
val_loss       : 0.446601
val_accuracy   : 0.840841
----------------------------------------

Epoch 21 - 2025-08-26 09:16:12
----------------------------------------
loss           : 0.157749
accuracy       : 0.873795
val_loss       : 0.539818
val_accuracy   : 0.816817
----------------------------------------

Epoch 22 - 2025-08-26 09:17:02
----------------------------------------
loss           : 0.156030
accuracy       : 0.873795
val_loss       : 0.470038
val_accuracy   : 0.846096
----------------------------------------

Epoch 23 - 2025-08-26 09:17:53
----------------------------------------
loss           : 0.153594
accuracy       : 0.875891
val_loss       : 0.444710
val_accuracy   : 0.850601
----------------------------------------

Epoch 24 - 2025-08-26 09:18:43
----------------------------------------
loss           : 0.154684
accuracy       : 0.873585
val_loss       : 0.545148
val_accuracy   : 0.800300
----------------------------------------

Epoch 25 - 2025-08-26 09:19:33
----------------------------------------
loss           : 0.151440
accuracy       : 0.879245
val_loss       : 0.407983
val_accuracy   : 0.861111
----------------------------------------

Epoch 26 - 2025-08-26 09:20:24
----------------------------------------
loss           : 0.150958
accuracy       : 0.873795
val_loss       : 0.582072
val_accuracy   : 0.812312
----------------------------------------

Epoch 27 - 2025-08-26 09:21:13
----------------------------------------
loss           : 0.153029
accuracy       : 0.872537
val_loss       : 0.491443
val_accuracy   : 0.834835
----------------------------------------

Epoch 28 - 2025-08-26 09:22:04
----------------------------------------
loss           : 0.151173
accuracy       : 0.871908
val_loss       : 0.471027
val_accuracy   : 0.848348
----------------------------------------

Epoch 29 - 2025-08-26 09:22:54
----------------------------------------
loss           : 0.151490
accuracy       : 0.872746
val_loss       : 0.573073
val_accuracy   : 0.807057
----------------------------------------

Epoch 30 - 2025-08-26 09:23:45
----------------------------------------
loss           : 0.149221
accuracy       : 0.873585
val_loss       : 0.504001
val_accuracy   : 0.822823
----------------------------------------

Epoch 31 - 2025-08-26 09:24:35
----------------------------------------
loss           : 0.148569
accuracy       : 0.879036
val_loss       : 0.456375
val_accuracy   : 0.843093
----------------------------------------

Epoch 32 - 2025-08-26 09:25:25
----------------------------------------
loss           : 0.148929
accuracy       : 0.872537
val_loss       : 0.495829
val_accuracy   : 0.833333
----------------------------------------

Epoch 33 - 2025-08-26 09:26:15
----------------------------------------
loss           : 0.147793
accuracy       : 0.877987
val_loss       : 0.584918
val_accuracy   : 0.793544
----------------------------------------

Epoch 34 - 2025-08-26 09:27:05
----------------------------------------
loss           : 0.148089
accuracy       : 0.876730
val_loss       : 0.452320
val_accuracy   : 0.839339
----------------------------------------

Epoch 35 - 2025-08-26 09:27:56
----------------------------------------
loss           : 0.145388
accuracy       : 0.876730
val_loss       : 0.468021
val_accuracy   : 0.840090
----------------------------------------

Epoch 36 - 2025-08-26 09:28:46
----------------------------------------
loss           : 0.146574
accuracy       : 0.875052
val_loss       : 0.521087
val_accuracy   : 0.834835
----------------------------------------

Epoch 37 - 2025-08-26 09:29:37
----------------------------------------
loss           : 0.145280
accuracy       : 0.879665
val_loss       : 0.454073
val_accuracy   : 0.840090
----------------------------------------

Epoch 38 - 2025-08-26 09:30:27
----------------------------------------
loss           : 0.144544
accuracy       : 0.876939
val_loss       : 0.488496
val_accuracy   : 0.837087
----------------------------------------

Epoch 39 - 2025-08-26 09:31:18
----------------------------------------
loss           : 0.142270
accuracy       : 0.874633
val_loss       : 0.468984
val_accuracy   : 0.849099
----------------------------------------

Epoch 40 - 2025-08-26 09:32:09
----------------------------------------
loss           : 0.144112
accuracy       : 0.880084
val_loss       : 0.527955
val_accuracy   : 0.836336
----------------------------------------

Epoch 41 - 2025-08-26 09:32:59
----------------------------------------
loss           : 0.144021
accuracy       : 0.879874
val_loss       : 0.498445
val_accuracy   : 0.834835
----------------------------------------

Epoch 42 - 2025-08-26 09:33:49
----------------------------------------
loss           : 0.145020
accuracy       : 0.882180
val_loss       : 0.515024
val_accuracy   : 0.828829
----------------------------------------

Epoch 43 - 2025-08-26 09:34:40
----------------------------------------
loss           : 0.143015
accuracy       : 0.882600
val_loss       : 0.495352
val_accuracy   : 0.823574
----------------------------------------

Epoch 44 - 2025-08-26 09:35:30
----------------------------------------
loss           : 0.142098
accuracy       : 0.883857
val_loss       : 0.499265
val_accuracy   : 0.835586
----------------------------------------

Epoch 45 - 2025-08-26 09:36:21
----------------------------------------
loss           : 0.145427
accuracy       : 0.875681
val_loss       : 0.461887
val_accuracy   : 0.851351
----------------------------------------

Epoch 46 - 2025-08-26 09:37:11
----------------------------------------
loss           : 0.141867
accuracy       : 0.880084
val_loss       : 0.488030
val_accuracy   : 0.822823
----------------------------------------

Epoch 47 - 2025-08-26 09:38:01
----------------------------------------
loss           : 0.141510
accuracy       : 0.883438
val_loss       : 0.570318
val_accuracy   : 0.813814
----------------------------------------

Epoch 48 - 2025-08-26 09:38:52
----------------------------------------
loss           : 0.142589
accuracy       : 0.879665
val_loss       : 0.531696
val_accuracy   : 0.834084
----------------------------------------

Epoch 49 - 2025-08-26 09:39:42
----------------------------------------
loss           : 0.140918
accuracy       : 0.877568
val_loss       : 0.451629
val_accuracy   : 0.834084
----------------------------------------

Epoch 50 - 2025-08-26 09:40:32
----------------------------------------
loss           : 0.143575
accuracy       : 0.880084
val_loss       : 0.463965
val_accuracy   : 0.843093
----------------------------------------

Epoch 51 - 2025-08-26 09:41:22
----------------------------------------
loss           : 0.140028
accuracy       : 0.881132
val_loss       : 0.467233
val_accuracy   : 0.839339
----------------------------------------

Epoch 52 - 2025-08-26 09:42:13
----------------------------------------
loss           : 0.139957
accuracy       : 0.879874
val_loss       : 0.590385
val_accuracy   : 0.819069
----------------------------------------

Epoch 53 - 2025-08-26 09:43:03
----------------------------------------
loss           : 0.139439
accuracy       : 0.887841
val_loss       : 0.464374
val_accuracy   : 0.841592
----------------------------------------

Epoch 54 - 2025-08-26 09:43:53
----------------------------------------
loss           : 0.138057
accuracy       : 0.883019
val_loss       : 0.522075
val_accuracy   : 0.828078
----------------------------------------

Epoch 55 - 2025-08-26 09:44:43
----------------------------------------
loss           : 0.137990
accuracy       : 0.883857
val_loss       : 0.453440
val_accuracy   : 0.851351
----------------------------------------

Epoch 56 - 2025-08-26 09:45:33
----------------------------------------
loss           : 0.140596
accuracy       : 0.885954
val_loss       : 0.497924
val_accuracy   : 0.829580
----------------------------------------

Epoch 57 - 2025-08-26 09:46:24
----------------------------------------
loss           : 0.139495
accuracy       : 0.881761
val_loss       : 0.454077
val_accuracy   : 0.837838
----------------------------------------

Epoch 58 - 2025-08-26 09:47:14
----------------------------------------
loss           : 0.139581
accuracy       : 0.883648
val_loss       : 0.561637
val_accuracy   : 0.808559
----------------------------------------

Epoch 59 - 2025-08-26 09:48:04
----------------------------------------
loss           : 0.137872
accuracy       : 0.885325
val_loss       : 0.588368
val_accuracy   : 0.810060
----------------------------------------

Epoch 60 - 2025-08-26 09:48:55
----------------------------------------
loss           : 0.138978
accuracy       : 0.884696
val_loss       : 0.623977
val_accuracy   : 0.777778
----------------------------------------

Epoch 61 - 2025-08-26 09:49:45
----------------------------------------
loss           : 0.136006
accuracy       : 0.884906
val_loss       : 0.508457
val_accuracy   : 0.843093
----------------------------------------

Epoch 62 - 2025-08-26 09:50:36
----------------------------------------
loss           : 0.135176
accuracy       : 0.887841
val_loss       : 0.593236
val_accuracy   : 0.801802
----------------------------------------

Epoch 63 - 2025-08-26 09:51:26
----------------------------------------
loss           : 0.137494
accuracy       : 0.889518
val_loss       : 0.519342
val_accuracy   : 0.825075
----------------------------------------

Epoch 64 - 2025-08-26 09:52:16
----------------------------------------
loss           : 0.136410
accuracy       : 0.887421
val_loss       : 0.472648
val_accuracy   : 0.829580
----------------------------------------

Epoch 65 - 2025-08-26 09:53:07
----------------------------------------
loss           : 0.137274
accuracy       : 0.886792
val_loss       : 0.452965
val_accuracy   : 0.853604
----------------------------------------

Epoch 66 - 2025-08-26 09:53:57
----------------------------------------
loss           : 0.137551
accuracy       : 0.878826
val_loss       : 0.516460
val_accuracy   : 0.826577
----------------------------------------

Epoch 67 - 2025-08-26 09:54:47
----------------------------------------
loss           : 0.134008
accuracy       : 0.887631
val_loss       : 0.504202
val_accuracy   : 0.837087
----------------------------------------

Epoch 68 - 2025-08-26 09:55:38
----------------------------------------
loss           : 0.136373
accuracy       : 0.880922
val_loss       : 0.441474
val_accuracy   : 0.846847
----------------------------------------

Epoch 69 - 2025-08-26 09:56:29
----------------------------------------
loss           : 0.137253
accuracy       : 0.886583
val_loss       : 0.480664
val_accuracy   : 0.839339
----------------------------------------

Epoch 70 - 2025-08-26 09:57:19
----------------------------------------
loss           : 0.134804
accuracy       : 0.887421
val_loss       : 0.537331
val_accuracy   : 0.809309
----------------------------------------

Epoch 71 - 2025-08-26 09:58:09
----------------------------------------
loss           : 0.134065
accuracy       : 0.884696
val_loss       : 0.494299
val_accuracy   : 0.844595
----------------------------------------

Epoch 72 - 2025-08-26 09:58:59
----------------------------------------
loss           : 0.134503
accuracy       : 0.884696
val_loss       : 0.457620
val_accuracy   : 0.847598
----------------------------------------

Epoch 73 - 2025-08-26 09:59:49
----------------------------------------
loss           : 0.133169
accuracy       : 0.889308
val_loss       : 0.516510
val_accuracy   : 0.837087
----------------------------------------

Epoch 74 - 2025-08-26 10:00:39
----------------------------------------
loss           : 0.134733
accuracy       : 0.887631
val_loss       : 0.563345
val_accuracy   : 0.817568
----------------------------------------

Epoch 75 - 2025-08-26 10:01:29
----------------------------------------
loss           : 0.132779
accuracy       : 0.888260
val_loss       : 0.492585
val_accuracy   : 0.828078
----------------------------------------

Epoch 76 - 2025-08-26 10:02:19
----------------------------------------
loss           : 0.132851
accuracy       : 0.890985
val_loss       : 0.520071
val_accuracy   : 0.809309
----------------------------------------

Epoch 77 - 2025-08-26 10:03:10
----------------------------------------
loss           : 0.132043
accuracy       : 0.887421
val_loss       : 0.532678
val_accuracy   : 0.824324
----------------------------------------

Epoch 78 - 2025-08-26 10:04:00
----------------------------------------
loss           : 0.134020
accuracy       : 0.884486
val_loss       : 0.511255
val_accuracy   : 0.833333
----------------------------------------

Epoch 79 - 2025-08-26 10:04:50
----------------------------------------
loss           : 0.131061
accuracy       : 0.887841
val_loss       : 0.576515
val_accuracy   : 0.803303
----------------------------------------

Epoch 80 - 2025-08-26 10:05:40
----------------------------------------
loss           : 0.130202
accuracy       : 0.890776
val_loss       : 0.530050
val_accuracy   : 0.832583
----------------------------------------

Training completed at 2025-08-26 10:05:40.577404
================================================================================
