Training started at 2025-08-16 02:36:43.868227
================================================================================

Epoch 1 - 2025-08-16 02:37:11
----------------------------------------
loss           : 1.946738
accuracy       : 0.533739
val_loss       : 1.260589
val_accuracy   : 0.561983
----------------------------------------

Epoch 2 - 2025-08-16 02:37:43
----------------------------------------
loss           : 0.515808
accuracy       : 0.591846
val_loss       : 1.049836
val_accuracy   : 0.487603
----------------------------------------

Epoch 3 - 2025-08-16 02:38:15
----------------------------------------
loss           : 0.293125
accuracy       : 0.669166
val_loss       : 0.760655
val_accuracy   : 0.619835
----------------------------------------

Epoch 4 - 2025-08-16 02:38:46
----------------------------------------
loss           : 0.209911
accuracy       : 0.689316
val_loss       : 0.764174
val_accuracy   : 0.657025
----------------------------------------

Epoch 5 - 2025-08-16 02:39:08
----------------------------------------
loss           : 0.169724
accuracy       : 0.717901
val_loss       : 1.060579
val_accuracy   : 0.599174
----------------------------------------

Epoch 6 - 2025-08-16 02:39:30
----------------------------------------
loss           : 0.158890
accuracy       : 0.740862
val_loss       : 0.927693
val_accuracy   : 0.607438
----------------------------------------

Epoch 7 - 2025-08-16 02:39:52
----------------------------------------
loss           : 0.139548
accuracy       : 0.757732
val_loss       : 0.867520
val_accuracy   : 0.636364
----------------------------------------

Epoch 8 - 2025-08-16 02:40:16
----------------------------------------
loss           : 0.129249
accuracy       : 0.772727
val_loss       : 1.222845
val_accuracy   : 0.615702
----------------------------------------

Epoch 9 - 2025-08-16 02:40:39
----------------------------------------
loss           : 0.124339
accuracy       : 0.785380
val_loss       : 1.260220
val_accuracy   : 0.640496
----------------------------------------

Epoch 10 - 2025-08-16 02:41:00
----------------------------------------
loss           : 0.114721
accuracy       : 0.805998
val_loss       : 1.541842
val_accuracy   : 0.545455
----------------------------------------

Epoch 11 - 2025-08-16 02:41:22
----------------------------------------
loss           : 0.112523
accuracy       : 0.820525
val_loss       : 1.729555
val_accuracy   : 0.533058
----------------------------------------

Epoch 12 - 2025-08-16 02:41:46
----------------------------------------
loss           : 0.098533
accuracy       : 0.846767
val_loss       : 1.860442
val_accuracy   : 0.657025
----------------------------------------

Epoch 13 - 2025-08-16 02:42:09
----------------------------------------
loss           : 0.099135
accuracy       : 0.845361
val_loss       : 2.266611
val_accuracy   : 0.669421
----------------------------------------

Epoch 14 - 2025-08-16 02:42:31
----------------------------------------
loss           : 0.092190
accuracy       : 0.848641
val_loss       : 2.007146
val_accuracy   : 0.603306
----------------------------------------

Epoch 15 - 2025-08-16 02:42:53
----------------------------------------
loss           : 0.093865
accuracy       : 0.851921
val_loss       : 2.046383
val_accuracy   : 0.619835
----------------------------------------

Epoch 16 - 2025-08-16 02:43:15
----------------------------------------
loss           : 0.090705
accuracy       : 0.855670
val_loss       : 1.466045
val_accuracy   : 0.636364
----------------------------------------

Epoch 17 - 2025-08-16 02:43:38
----------------------------------------
loss           : 0.086252
accuracy       : 0.861293
val_loss       : 1.826615
val_accuracy   : 0.586777
----------------------------------------

Epoch 18 - 2025-08-16 02:44:00
----------------------------------------
loss           : 0.090093
accuracy       : 0.855670
val_loss       : 1.836632
val_accuracy   : 0.619835
----------------------------------------

Epoch 19 - 2025-08-16 02:44:23
----------------------------------------
loss           : 0.079720
accuracy       : 0.881443
val_loss       : 2.052176
val_accuracy   : 0.648760
----------------------------------------

Epoch 20 - 2025-08-16 02:44:46
----------------------------------------
loss           : 0.079814
accuracy       : 0.879100
val_loss       : 2.496753
val_accuracy   : 0.661157
----------------------------------------

Epoch 21 - 2025-08-16 02:45:08
----------------------------------------
loss           : 0.080609
accuracy       : 0.882849
val_loss       : 2.148197
val_accuracy   : 0.710744
----------------------------------------

Epoch 22 - 2025-08-16 02:45:31
----------------------------------------
loss           : 0.078859
accuracy       : 0.878163
val_loss       : 2.573578
val_accuracy   : 0.570248
----------------------------------------

Epoch 23 - 2025-08-16 02:45:54
----------------------------------------
loss           : 0.074683
accuracy       : 0.888941
val_loss       : 1.781431
val_accuracy   : 0.611570
----------------------------------------

Epoch 24 - 2025-08-16 02:46:18
----------------------------------------
loss           : 0.074742
accuracy       : 0.885192
val_loss       : 2.178135
val_accuracy   : 0.665289
----------------------------------------

Epoch 25 - 2025-08-16 02:46:40
----------------------------------------
loss           : 0.063207
accuracy       : 0.905811
val_loss       : 2.711568
val_accuracy   : 0.690083
----------------------------------------

Epoch 26 - 2025-08-16 02:47:02
----------------------------------------
loss           : 0.071486
accuracy       : 0.895033
val_loss       : 2.209533
val_accuracy   : 0.595041
----------------------------------------

Epoch 27 - 2025-08-16 02:47:24
----------------------------------------
loss           : 0.066005
accuracy       : 0.903936
val_loss       : 2.125141
val_accuracy   : 0.632231
----------------------------------------

Epoch 28 - 2025-08-16 02:47:48
----------------------------------------
loss           : 0.062625
accuracy       : 0.911434
val_loss       : 2.805356
val_accuracy   : 0.669421
----------------------------------------

Epoch 29 - 2025-08-16 02:48:11
----------------------------------------
loss           : 0.068154
accuracy       : 0.902062
val_loss       : 2.318234
val_accuracy   : 0.661157
----------------------------------------

Epoch 30 - 2025-08-16 02:48:33
----------------------------------------
loss           : 0.067229
accuracy       : 0.905811
val_loss       : 2.644230
val_accuracy   : 0.595041
----------------------------------------

Epoch 31 - 2025-08-16 02:48:55
----------------------------------------
loss           : 0.058787
accuracy       : 0.912840
val_loss       : 2.348178
val_accuracy   : 0.574380
----------------------------------------

Epoch 32 - 2025-08-16 02:49:17
----------------------------------------
loss           : 0.054533
accuracy       : 0.917057
val_loss       : 2.419737
val_accuracy   : 0.636364
----------------------------------------

Epoch 33 - 2025-08-16 02:49:40
----------------------------------------
loss           : 0.059909
accuracy       : 0.922212
val_loss       : 2.384456
val_accuracy   : 0.619835
----------------------------------------

Epoch 34 - 2025-08-16 02:50:03
----------------------------------------
loss           : 0.058856
accuracy       : 0.919869
val_loss       : 2.722373
val_accuracy   : 0.632231
----------------------------------------

Epoch 35 - 2025-08-16 02:50:25
----------------------------------------
loss           : 0.059453
accuracy       : 0.920806
val_loss       : 2.545962
val_accuracy   : 0.690083
----------------------------------------

Epoch 36 - 2025-08-16 02:50:48
----------------------------------------
loss           : 0.052759
accuracy       : 0.928304
val_loss       : 2.591626
val_accuracy   : 0.648760
----------------------------------------

Epoch 37 - 2025-08-16 02:51:10
----------------------------------------
loss           : 0.060970
accuracy       : 0.926429
val_loss       : 2.169388
val_accuracy   : 0.665289
----------------------------------------

Epoch 38 - 2025-08-16 02:51:33
----------------------------------------
loss           : 0.055618
accuracy       : 0.927835
val_loss       : 1.932359
val_accuracy   : 0.661157
----------------------------------------

Epoch 39 - 2025-08-16 02:51:56
----------------------------------------
loss           : 0.045272
accuracy       : 0.935801
val_loss       : 2.397807
val_accuracy   : 0.665289
----------------------------------------

Epoch 40 - 2025-08-16 02:52:18
----------------------------------------
loss           : 0.050673
accuracy       : 0.933458
val_loss       : 2.418881
val_accuracy   : 0.657025
----------------------------------------

Epoch 41 - 2025-08-16 02:52:40
----------------------------------------
loss           : 0.039592
accuracy       : 0.948454
val_loss       : 2.269109
val_accuracy   : 0.615702
----------------------------------------

Epoch 42 - 2025-08-16 02:53:02
----------------------------------------
loss           : 0.047610
accuracy       : 0.940487
val_loss       : 2.451025
val_accuracy   : 0.628099
----------------------------------------

Epoch 43 - 2025-08-16 02:53:25
----------------------------------------
loss           : 0.042657
accuracy       : 0.941425
val_loss       : 2.547926
val_accuracy   : 0.652893
----------------------------------------

Epoch 44 - 2025-08-16 02:53:48
----------------------------------------
loss           : 0.039015
accuracy       : 0.949859
val_loss       : 2.784180
val_accuracy   : 0.607438
----------------------------------------

Epoch 45 - 2025-08-16 02:54:10
----------------------------------------
loss           : 0.044464
accuracy       : 0.946111
val_loss       : 2.717010
val_accuracy   : 0.636364
----------------------------------------

Epoch 46 - 2025-08-16 02:54:32
----------------------------------------
loss           : 0.042056
accuracy       : 0.952202
val_loss       : 2.928029
val_accuracy   : 0.611570
----------------------------------------

Epoch 47 - 2025-08-16 02:54:55
----------------------------------------
loss           : 0.041681
accuracy       : 0.953608
val_loss       : 2.465513
val_accuracy   : 0.615702
----------------------------------------

Epoch 48 - 2025-08-16 02:55:17
----------------------------------------
loss           : 0.044131
accuracy       : 0.949391
val_loss       : 2.195036
val_accuracy   : 0.677686
----------------------------------------

Epoch 49 - 2025-08-16 02:55:40
----------------------------------------
loss           : 0.036763
accuracy       : 0.957826
val_loss       : 3.012342
val_accuracy   : 0.665289
----------------------------------------

Epoch 50 - 2025-08-16 02:56:03
----------------------------------------
loss           : 0.036179
accuracy       : 0.961574
val_loss       : 2.808434
val_accuracy   : 0.665289
----------------------------------------

Epoch 51 - 2025-08-16 02:56:25
----------------------------------------
loss           : 0.031674
accuracy       : 0.961574
val_loss       : 3.017146
val_accuracy   : 0.661157
----------------------------------------

Epoch 52 - 2025-08-16 02:56:48
----------------------------------------
loss           : 0.038764
accuracy       : 0.954545
val_loss       : 2.450641
val_accuracy   : 0.685950
----------------------------------------

Epoch 53 - 2025-08-16 02:57:11
----------------------------------------
loss           : 0.039266
accuracy       : 0.957357
val_loss       : 2.947714
val_accuracy   : 0.673554
----------------------------------------

Epoch 54 - 2025-08-16 02:57:33
----------------------------------------
loss           : 0.032397
accuracy       : 0.964386
val_loss       : 2.815609
val_accuracy   : 0.690083
----------------------------------------

Epoch 55 - 2025-08-16 02:57:56
----------------------------------------
loss           : 0.038003
accuracy       : 0.959700
val_loss       : 2.021691
val_accuracy   : 0.706612
----------------------------------------

Epoch 56 - 2025-08-16 02:58:18
----------------------------------------
loss           : 0.034904
accuracy       : 0.962980
val_loss       : 2.265924
val_accuracy   : 0.665289
----------------------------------------

Epoch 57 - 2025-08-16 02:58:41
----------------------------------------
loss           : 0.033470
accuracy       : 0.966261
val_loss       : 2.316678
val_accuracy   : 0.669421
----------------------------------------

Epoch 58 - 2025-08-16 02:59:04
----------------------------------------
loss           : 0.032531
accuracy       : 0.966261
val_loss       : 2.126711
val_accuracy   : 0.673554
----------------------------------------

Epoch 59 - 2025-08-16 02:59:26
----------------------------------------
loss           : 0.026934
accuracy       : 0.969072
val_loss       : 2.603606
val_accuracy   : 0.694215
----------------------------------------

Epoch 60 - 2025-08-16 02:59:49
----------------------------------------
loss           : 0.034190
accuracy       : 0.966261
val_loss       : 2.882437
val_accuracy   : 0.685950
----------------------------------------

Epoch 61 - 2025-08-16 03:00:12
----------------------------------------
loss           : 0.028741
accuracy       : 0.970478
val_loss       : 2.907928
val_accuracy   : 0.694215
----------------------------------------

Epoch 62 - 2025-08-16 03:00:34
----------------------------------------
loss           : 0.035124
accuracy       : 0.965323
val_loss       : 2.266273
val_accuracy   : 0.681818
----------------------------------------

Epoch 63 - 2025-08-16 03:00:58
----------------------------------------
loss           : 0.026465
accuracy       : 0.978913
val_loss       : 2.770495
val_accuracy   : 0.723140
----------------------------------------

Epoch 64 - 2025-08-16 03:01:21
----------------------------------------
loss           : 0.028896
accuracy       : 0.968604
val_loss       : 2.205183
val_accuracy   : 0.673554
----------------------------------------

Epoch 65 - 2025-08-16 03:01:43
----------------------------------------
loss           : 0.032096
accuracy       : 0.967198
val_loss       : 2.880342
val_accuracy   : 0.644628
----------------------------------------

Epoch 66 - 2025-08-16 03:02:05
----------------------------------------
loss           : 0.027495
accuracy       : 0.976101
val_loss       : 2.873357
val_accuracy   : 0.673554
----------------------------------------

Epoch 67 - 2025-08-16 03:02:28
----------------------------------------
loss           : 0.028854
accuracy       : 0.971415
val_loss       : 2.890902
val_accuracy   : 0.681818
----------------------------------------

Epoch 68 - 2025-08-16 03:02:51
----------------------------------------
loss           : 0.025945
accuracy       : 0.973758
val_loss       : 3.172495
val_accuracy   : 0.677686
----------------------------------------

Epoch 69 - 2025-08-16 03:03:13
----------------------------------------
loss           : 0.025437
accuracy       : 0.975164
val_loss       : 3.193068
val_accuracy   : 0.632231
----------------------------------------

Epoch 70 - 2025-08-16 03:03:36
----------------------------------------
loss           : 0.025755
accuracy       : 0.977976
val_loss       : 2.759928
val_accuracy   : 0.723140
----------------------------------------

Epoch 71 - 2025-08-16 03:03:59
----------------------------------------
loss           : 0.028521
accuracy       : 0.970478
val_loss       : 2.742734
val_accuracy   : 0.690083
----------------------------------------

Epoch 72 - 2025-08-16 03:04:22
----------------------------------------
loss           : 0.039001
accuracy       : 0.964386
val_loss       : 2.068140
val_accuracy   : 0.681818
----------------------------------------

Epoch 73 - 2025-08-16 03:04:44
----------------------------------------
loss           : 0.021429
accuracy       : 0.982662
val_loss       : 2.447756
val_accuracy   : 0.690083
----------------------------------------

Epoch 74 - 2025-08-16 03:05:06
----------------------------------------
loss           : 0.020841
accuracy       : 0.980319
val_loss       : 3.105774
val_accuracy   : 0.648760
----------------------------------------

Epoch 75 - 2025-08-16 03:05:30
----------------------------------------
loss           : 0.030204
accuracy       : 0.976570
val_loss       : 2.299065
val_accuracy   : 0.657025
----------------------------------------

Epoch 76 - 2025-08-16 03:05:54
----------------------------------------
loss           : 0.023878
accuracy       : 0.978913
val_loss       : 2.586206
val_accuracy   : 0.731405
----------------------------------------

Epoch 77 - 2025-08-16 03:06:16
----------------------------------------
loss           : 0.022497
accuracy       : 0.978913
val_loss       : 2.020851
val_accuracy   : 0.685950
----------------------------------------

Epoch 78 - 2025-08-16 03:06:38
----------------------------------------
loss           : 0.022207
accuracy       : 0.981724
val_loss       : 2.629361
val_accuracy   : 0.706612
----------------------------------------

Epoch 79 - 2025-08-16 03:07:02
----------------------------------------
loss           : 0.017530
accuracy       : 0.983599
val_loss       : 2.921676
val_accuracy   : 0.669421
----------------------------------------

Epoch 80 - 2025-08-16 03:07:24
----------------------------------------
loss           : 0.033517
accuracy       : 0.974227
val_loss       : 2.512495
val_accuracy   : 0.657025
----------------------------------------

Training completed at 2025-08-16 03:07:24.977133
================================================================================
