Training started at 2025-08-26 17:04:01.930966
================================================================================

Epoch 1 - 2025-08-26 17:04:26
----------------------------------------
loss           : 0.220736
accuracy       : 0.527648
val_loss       : 0.656720
val_accuracy   : 0.545455
----------------------------------------

Epoch 2 - 2025-08-26 17:04:55
----------------------------------------
loss           : 0.186151
accuracy       : 0.658388
val_loss       : 0.561178
val_accuracy   : 0.652893
----------------------------------------

Epoch 3 - 2025-08-26 17:05:23
----------------------------------------
loss           : 0.161850
accuracy       : 0.693065
val_loss       : 0.776282
val_accuracy   : 0.636364
----------------------------------------

Epoch 4 - 2025-08-26 17:05:43
----------------------------------------
loss           : 0.145589
accuracy       : 0.710403
val_loss       : 0.802851
val_accuracy   : 0.611570
----------------------------------------

Epoch 5 - 2025-08-26 17:06:03
----------------------------------------
loss           : 0.144173
accuracy       : 0.734770
val_loss       : 0.967809
val_accuracy   : 0.578512
----------------------------------------

Epoch 6 - 2025-08-26 17:06:23
----------------------------------------
loss           : 0.134554
accuracy       : 0.758669
val_loss       : 0.793474
val_accuracy   : 0.603306
----------------------------------------

Epoch 7 - 2025-08-26 17:06:44
----------------------------------------
loss           : 0.121357
accuracy       : 0.789597
val_loss       : 0.778245
val_accuracy   : 0.652893
----------------------------------------

Epoch 8 - 2025-08-26 17:07:04
----------------------------------------
loss           : 0.108390
accuracy       : 0.793814
val_loss       : 0.917345
val_accuracy   : 0.595041
----------------------------------------

Epoch 9 - 2025-08-26 17:07:25
----------------------------------------
loss           : 0.105797
accuracy       : 0.808810
val_loss       : 0.709068
val_accuracy   : 0.681818
----------------------------------------

Epoch 10 - 2025-08-26 17:07:45
----------------------------------------
loss           : 0.099407
accuracy       : 0.808810
val_loss       : 1.035214
val_accuracy   : 0.561983
----------------------------------------

Epoch 11 - 2025-08-26 17:08:04
----------------------------------------
loss           : 0.089304
accuracy       : 0.838332
val_loss       : 1.369139
val_accuracy   : 0.524793
----------------------------------------

Epoch 12 - 2025-08-26 17:08:24
----------------------------------------
loss           : 0.084929
accuracy       : 0.850515
val_loss       : 1.297279
val_accuracy   : 0.595041
----------------------------------------

Epoch 13 - 2025-08-26 17:08:44
----------------------------------------
loss           : 0.082669
accuracy       : 0.850047
val_loss       : 0.914478
val_accuracy   : 0.739669
----------------------------------------

Epoch 14 - 2025-08-26 17:09:04
----------------------------------------
loss           : 0.072441
accuracy       : 0.871603
val_loss       : 1.639408
val_accuracy   : 0.603306
----------------------------------------

Epoch 15 - 2025-08-26 17:09:24
----------------------------------------
loss           : 0.080304
accuracy       : 0.866917
val_loss       : 1.354548
val_accuracy   : 0.607438
----------------------------------------

Epoch 16 - 2025-08-26 17:09:43
----------------------------------------
loss           : 0.068474
accuracy       : 0.884724
val_loss       : 1.447177
val_accuracy   : 0.586777
----------------------------------------

Epoch 17 - 2025-08-26 17:10:03
----------------------------------------
loss           : 0.064437
accuracy       : 0.892690
val_loss       : 2.229909
val_accuracy   : 0.615702
----------------------------------------

Epoch 18 - 2025-08-26 17:10:23
----------------------------------------
loss           : 0.068207
accuracy       : 0.888004
val_loss       : 1.246328
val_accuracy   : 0.677686
----------------------------------------

Epoch 19 - 2025-08-26 17:10:43
----------------------------------------
loss           : 0.063969
accuracy       : 0.895970
val_loss       : 1.338673
val_accuracy   : 0.661157
----------------------------------------

Epoch 20 - 2025-08-26 17:11:03
----------------------------------------
loss           : 0.060391
accuracy       : 0.908622
val_loss       : 1.730512
val_accuracy   : 0.648760
----------------------------------------

Epoch 21 - 2025-08-26 17:11:23
----------------------------------------
loss           : 0.058419
accuracy       : 0.902999
val_loss       : 2.173480
val_accuracy   : 0.702479
----------------------------------------

Epoch 22 - 2025-08-26 17:11:43
----------------------------------------
loss           : 0.062428
accuracy       : 0.888004
val_loss       : 2.472522
val_accuracy   : 0.648760
----------------------------------------

Epoch 23 - 2025-08-26 17:12:03
----------------------------------------
loss           : 0.056051
accuracy       : 0.912840
val_loss       : 1.632862
val_accuracy   : 0.628099
----------------------------------------

Epoch 24 - 2025-08-26 17:12:23
----------------------------------------
loss           : 0.053611
accuracy       : 0.912840
val_loss       : 0.820971
val_accuracy   : 0.586777
----------------------------------------

Epoch 25 - 2025-08-26 17:12:43
----------------------------------------
loss           : 0.053489
accuracy       : 0.907685
val_loss       : 2.176703
val_accuracy   : 0.698347
----------------------------------------

Epoch 26 - 2025-08-26 17:13:03
----------------------------------------
loss           : 0.054667
accuracy       : 0.915651
val_loss       : 1.893888
val_accuracy   : 0.615702
----------------------------------------

Epoch 27 - 2025-08-26 17:13:23
----------------------------------------
loss           : 0.048764
accuracy       : 0.920806
val_loss       : 2.675557
val_accuracy   : 0.661157
----------------------------------------

Epoch 28 - 2025-08-26 17:13:43
----------------------------------------
loss           : 0.048339
accuracy       : 0.922680
val_loss       : 2.647661
val_accuracy   : 0.706612
----------------------------------------

Epoch 29 - 2025-08-26 17:14:03
----------------------------------------
loss           : 0.048210
accuracy       : 0.924086
val_loss       : 1.607408
val_accuracy   : 0.665289
----------------------------------------

Epoch 30 - 2025-08-26 17:14:23
----------------------------------------
loss           : 0.047789
accuracy       : 0.920337
val_loss       : 1.805910
val_accuracy   : 0.694215
----------------------------------------

Epoch 31 - 2025-08-26 17:14:43
----------------------------------------
loss           : 0.047512
accuracy       : 0.925023
val_loss       : 1.005125
val_accuracy   : 0.623967
----------------------------------------

Epoch 32 - 2025-08-26 17:15:03
----------------------------------------
loss           : 0.044778
accuracy       : 0.937207
val_loss       : 1.732566
val_accuracy   : 0.685950
----------------------------------------

Epoch 33 - 2025-08-26 17:15:23
----------------------------------------
loss           : 0.037877
accuracy       : 0.942830
val_loss       : 2.076878
val_accuracy   : 0.706612
----------------------------------------

Epoch 34 - 2025-08-26 17:15:43
----------------------------------------
loss           : 0.042608
accuracy       : 0.933927
val_loss       : 2.211270
val_accuracy   : 0.710744
----------------------------------------

Epoch 35 - 2025-08-26 17:16:03
----------------------------------------
loss           : 0.036172
accuracy       : 0.941425
val_loss       : 2.760773
val_accuracy   : 0.665289
----------------------------------------

Epoch 36 - 2025-08-26 17:16:23
----------------------------------------
loss           : 0.038372
accuracy       : 0.950797
val_loss       : 2.034863
val_accuracy   : 0.739669
----------------------------------------

Epoch 37 - 2025-08-26 17:16:43
----------------------------------------
loss           : 0.034940
accuracy       : 0.957826
val_loss       : 2.056644
val_accuracy   : 0.657025
----------------------------------------

Epoch 38 - 2025-08-26 17:17:02
----------------------------------------
loss           : 0.042024
accuracy       : 0.943299
val_loss       : 1.566240
val_accuracy   : 0.636364
----------------------------------------

Epoch 39 - 2025-08-26 17:17:22
----------------------------------------
loss           : 0.037192
accuracy       : 0.949859
val_loss       : 2.500324
val_accuracy   : 0.673554
----------------------------------------

Epoch 40 - 2025-08-26 17:17:42
----------------------------------------
loss           : 0.033043
accuracy       : 0.956420
val_loss       : 1.823194
val_accuracy   : 0.677686
----------------------------------------

Epoch 41 - 2025-08-26 17:18:02
----------------------------------------
loss           : 0.035784
accuracy       : 0.947516
val_loss       : 1.900734
val_accuracy   : 0.685950
----------------------------------------

Epoch 42 - 2025-08-26 17:18:22
----------------------------------------
loss           : 0.041995
accuracy       : 0.940019
val_loss       : 1.653342
val_accuracy   : 0.657025
----------------------------------------

Epoch 43 - 2025-08-26 17:18:41
----------------------------------------
loss           : 0.039650
accuracy       : 0.937676
val_loss       : 1.725330
val_accuracy   : 0.661157
----------------------------------------

Epoch 44 - 2025-08-26 17:19:01
----------------------------------------
loss           : 0.033850
accuracy       : 0.941893
val_loss       : 2.691379
val_accuracy   : 0.669421
----------------------------------------

Epoch 45 - 2025-08-26 17:19:21
----------------------------------------
loss           : 0.033329
accuracy       : 0.952671
val_loss       : 2.025644
val_accuracy   : 0.681818
----------------------------------------

Epoch 46 - 2025-08-26 17:19:41
----------------------------------------
loss           : 0.033925
accuracy       : 0.950328
val_loss       : 2.234186
val_accuracy   : 0.632231
----------------------------------------

Epoch 47 - 2025-08-26 17:20:01
----------------------------------------
loss           : 0.033023
accuracy       : 0.946579
val_loss       : 2.502530
val_accuracy   : 0.673554
----------------------------------------

Epoch 48 - 2025-08-26 17:20:21
----------------------------------------
loss           : 0.026390
accuracy       : 0.966261
val_loss       : 2.236140
val_accuracy   : 0.719008
----------------------------------------

Epoch 49 - 2025-08-26 17:20:41
----------------------------------------
loss           : 0.034479
accuracy       : 0.950797
val_loss       : 1.666014
val_accuracy   : 0.714876
----------------------------------------

Epoch 50 - 2025-08-26 17:21:01
----------------------------------------
loss           : 0.027147
accuracy       : 0.966729
val_loss       : 2.929824
val_accuracy   : 0.702479
----------------------------------------

Epoch 51 - 2025-08-26 17:21:21
----------------------------------------
loss           : 0.033141
accuracy       : 0.962512
val_loss       : 2.465767
val_accuracy   : 0.747934
----------------------------------------

Epoch 52 - 2025-08-26 17:21:41
----------------------------------------
loss           : 0.020160
accuracy       : 0.975164
val_loss       : 3.958583
val_accuracy   : 0.661157
----------------------------------------

Epoch 53 - 2025-08-26 17:22:01
----------------------------------------
loss           : 0.032929
accuracy       : 0.957357
val_loss       : 2.461309
val_accuracy   : 0.685950
----------------------------------------

Epoch 54 - 2025-08-26 17:22:21
----------------------------------------
loss           : 0.026414
accuracy       : 0.965792
val_loss       : 1.987158
val_accuracy   : 0.706612
----------------------------------------

Epoch 55 - 2025-08-26 17:22:40
----------------------------------------
loss           : 0.026883
accuracy       : 0.958294
val_loss       : 2.663501
val_accuracy   : 0.710744
----------------------------------------

Epoch 56 - 2025-08-26 17:23:01
----------------------------------------
loss           : 0.026127
accuracy       : 0.966729
val_loss       : 2.004900
val_accuracy   : 0.669421
----------------------------------------

Epoch 57 - 2025-08-26 17:23:20
----------------------------------------
loss           : 0.030421
accuracy       : 0.966261
val_loss       : 1.962524
val_accuracy   : 0.644628
----------------------------------------

Epoch 58 - 2025-08-26 17:23:40
----------------------------------------
loss           : 0.021034
accuracy       : 0.972352
val_loss       : 3.009352
val_accuracy   : 0.743802
----------------------------------------

Epoch 59 - 2025-08-26 17:24:00
----------------------------------------
loss           : 0.025832
accuracy       : 0.971884
val_loss       : 2.004936
val_accuracy   : 0.719008
----------------------------------------

Epoch 60 - 2025-08-26 17:24:20
----------------------------------------
loss           : 0.028210
accuracy       : 0.961574
val_loss       : 2.605283
val_accuracy   : 0.661157
----------------------------------------

Epoch 61 - 2025-08-26 17:24:40
----------------------------------------
loss           : 0.022703
accuracy       : 0.969541
val_loss       : 2.874671
val_accuracy   : 0.640496
----------------------------------------

Epoch 62 - 2025-08-26 17:25:00
----------------------------------------
loss           : 0.025439
accuracy       : 0.967198
val_loss       : 1.858631
val_accuracy   : 0.719008
----------------------------------------

Epoch 63 - 2025-08-26 17:25:20
----------------------------------------
loss           : 0.031862
accuracy       : 0.964855
val_loss       : 2.023814
val_accuracy   : 0.681818
----------------------------------------

Epoch 64 - 2025-08-26 17:25:40
----------------------------------------
loss           : 0.018155
accuracy       : 0.974227
val_loss       : 2.712271
val_accuracy   : 0.685950
----------------------------------------

Epoch 65 - 2025-08-26 17:25:59
----------------------------------------
loss           : 0.023974
accuracy       : 0.966261
val_loss       : 2.555907
val_accuracy   : 0.628099
----------------------------------------

Epoch 66 - 2025-08-26 17:26:19
----------------------------------------
loss           : 0.020364
accuracy       : 0.971415
val_loss       : 3.892457
val_accuracy   : 0.685950
----------------------------------------

Epoch 67 - 2025-08-26 17:26:39
----------------------------------------
loss           : 0.037815
accuracy       : 0.943768
val_loss       : 3.026663
val_accuracy   : 0.677686
----------------------------------------

Epoch 68 - 2025-08-26 17:26:59
----------------------------------------
loss           : 0.024215
accuracy       : 0.965792
val_loss       : 2.662380
val_accuracy   : 0.714876
----------------------------------------

Epoch 69 - 2025-08-26 17:27:19
----------------------------------------
loss           : 0.025027
accuracy       : 0.963918
val_loss       : 3.945936
val_accuracy   : 0.665289
----------------------------------------

Epoch 70 - 2025-08-26 17:27:39
----------------------------------------
loss           : 0.029958
accuracy       : 0.962043
val_loss       : 1.761228
val_accuracy   : 0.648760
----------------------------------------

Epoch 71 - 2025-08-26 17:27:59
----------------------------------------
loss           : 0.017952
accuracy       : 0.976570
val_loss       : 3.321081
val_accuracy   : 0.677686
----------------------------------------

Epoch 72 - 2025-08-26 17:28:19
----------------------------------------
loss           : 0.017701
accuracy       : 0.973290
val_loss       : 3.755365
val_accuracy   : 0.690083
----------------------------------------

Epoch 73 - 2025-08-26 17:28:38
----------------------------------------
loss           : 0.020295
accuracy       : 0.972352
val_loss       : 5.568862
val_accuracy   : 0.673554
----------------------------------------

Epoch 74 - 2025-08-26 17:28:58
----------------------------------------
loss           : 0.024708
accuracy       : 0.969072
val_loss       : 4.724088
val_accuracy   : 0.706612
----------------------------------------

Epoch 75 - 2025-08-26 17:29:18
----------------------------------------
loss           : 0.025979
accuracy       : 0.967198
val_loss       : 3.083965
val_accuracy   : 0.698347
----------------------------------------

Epoch 76 - 2025-08-26 17:29:38
----------------------------------------
loss           : 0.025487
accuracy       : 0.972821
val_loss       : 1.624187
val_accuracy   : 0.690083
----------------------------------------

Epoch 77 - 2025-08-26 17:29:58
----------------------------------------
loss           : 0.018235
accuracy       : 0.978913
val_loss       : 3.664619
val_accuracy   : 0.665289
----------------------------------------

Epoch 78 - 2025-08-26 17:30:18
----------------------------------------
loss           : 0.032339
accuracy       : 0.957826
val_loss       : 2.463421
val_accuracy   : 0.669421
----------------------------------------

Epoch 79 - 2025-08-26 17:30:38
----------------------------------------
loss           : 0.024529
accuracy       : 0.963449
val_loss       : 3.608896
val_accuracy   : 0.665289
----------------------------------------

Epoch 80 - 2025-08-26 17:30:58
----------------------------------------
loss           : 0.024825
accuracy       : 0.970009
val_loss       : 1.933843
val_accuracy   : 0.739669
----------------------------------------

Training completed at 2025-08-26 17:30:58.429114
================================================================================
