Training started at 2025-09-09 02:44:42.950359
================================================================================

Epoch 1 - 2025-09-09 02:45:11
----------------------------------------
loss           : 1.281365
accuracy       : 0.740461
val_loss       : 1.265854
val_accuracy   : 0.821321
----------------------------------------

Epoch 2 - 2025-09-09 02:45:35
----------------------------------------
loss           : 0.744681
accuracy       : 0.803564
val_loss       : 0.978331
val_accuracy   : 0.804805
----------------------------------------

Epoch 3 - 2025-09-09 02:45:58
----------------------------------------
loss           : 0.533288
accuracy       : 0.835220
val_loss       : 0.756178
val_accuracy   : 0.836336
----------------------------------------

Epoch 4 - 2025-09-09 02:46:21
----------------------------------------
loss           : 0.418081
accuracy       : 0.833753
val_loss       : 0.709395
val_accuracy   : 0.825075
----------------------------------------

Epoch 5 - 2025-09-09 02:46:44
----------------------------------------
loss           : 0.337862
accuracy       : 0.844025
val_loss       : 0.574376
val_accuracy   : 0.843844
----------------------------------------

Epoch 6 - 2025-09-09 02:47:08
----------------------------------------
loss           : 0.281736
accuracy       : 0.853459
val_loss       : 0.616440
val_accuracy   : 0.840090
----------------------------------------

Epoch 7 - 2025-09-09 02:47:31
----------------------------------------
loss           : 0.243424
accuracy       : 0.859119
val_loss       : 0.478946
val_accuracy   : 0.852102
----------------------------------------

Epoch 8 - 2025-09-09 02:47:54
----------------------------------------
loss           : 0.216099
accuracy       : 0.863941
val_loss       : 0.529723
val_accuracy   : 0.834835
----------------------------------------

Epoch 9 - 2025-09-09 02:48:18
----------------------------------------
loss           : 0.194326
accuracy       : 0.866667
val_loss       : 0.564651
val_accuracy   : 0.828078
----------------------------------------

Epoch 10 - 2025-09-09 02:48:41
----------------------------------------
loss           : 0.184321
accuracy       : 0.868134
val_loss       : 0.509695
val_accuracy   : 0.834084
----------------------------------------

Epoch 11 - 2025-09-09 02:49:04
----------------------------------------
loss           : 0.174089
accuracy       : 0.869182
val_loss       : 0.484527
val_accuracy   : 0.837087
----------------------------------------

Epoch 12 - 2025-09-09 02:49:27
----------------------------------------
loss           : 0.166406
accuracy       : 0.871069
val_loss       : 0.577340
val_accuracy   : 0.819069
----------------------------------------

Epoch 13 - 2025-09-09 02:49:50
----------------------------------------
loss           : 0.163274
accuracy       : 0.868553
val_loss       : 0.491362
val_accuracy   : 0.815315
----------------------------------------

Epoch 14 - 2025-09-09 02:50:13
----------------------------------------
loss           : 0.158655
accuracy       : 0.873585
val_loss       : 0.496553
val_accuracy   : 0.834084
----------------------------------------

Epoch 15 - 2025-09-09 02:50:37
----------------------------------------
loss           : 0.154155
accuracy       : 0.872117
val_loss       : 0.465641
val_accuracy   : 0.834084
----------------------------------------

Epoch 16 - 2025-09-09 02:50:59
----------------------------------------
loss           : 0.153088
accuracy       : 0.877568
val_loss       : 0.521959
val_accuracy   : 0.833333
----------------------------------------

Epoch 17 - 2025-09-09 02:51:23
----------------------------------------
loss           : 0.151064
accuracy       : 0.872117
val_loss       : 0.452751
val_accuracy   : 0.847598
----------------------------------------

Epoch 18 - 2025-09-09 02:51:46
----------------------------------------
loss           : 0.148203
accuracy       : 0.878197
val_loss       : 0.516932
val_accuracy   : 0.833333
----------------------------------------

Epoch 19 - 2025-09-09 02:52:10
----------------------------------------
loss           : 0.145200
accuracy       : 0.877149
val_loss       : 0.622663
val_accuracy   : 0.801051
----------------------------------------

Epoch 20 - 2025-09-09 02:52:33
----------------------------------------
loss           : 0.142558
accuracy       : 0.885115
val_loss       : 0.425488
val_accuracy   : 0.849850
----------------------------------------

Epoch 21 - 2025-09-09 02:52:57
----------------------------------------
loss           : 0.140796
accuracy       : 0.883438
val_loss       : 0.592942
val_accuracy   : 0.809309
----------------------------------------

Epoch 22 - 2025-09-09 02:53:20
----------------------------------------
loss           : 0.140453
accuracy       : 0.880713
val_loss       : 0.520091
val_accuracy   : 0.819069
----------------------------------------

Epoch 23 - 2025-09-09 02:53:43
----------------------------------------
loss           : 0.139589
accuracy       : 0.882809
val_loss       : 0.488731
val_accuracy   : 0.821321
----------------------------------------

Epoch 24 - 2025-09-09 02:54:07
----------------------------------------
loss           : 0.136808
accuracy       : 0.890356
val_loss       : 0.470004
val_accuracy   : 0.843093
----------------------------------------

Epoch 25 - 2025-09-09 02:54:30
----------------------------------------
loss           : 0.136344
accuracy       : 0.883019
val_loss       : 0.520672
val_accuracy   : 0.828078
----------------------------------------

Epoch 26 - 2025-09-09 02:54:54
----------------------------------------
loss           : 0.136768
accuracy       : 0.885115
val_loss       : 0.518284
val_accuracy   : 0.817568
----------------------------------------

Epoch 27 - 2025-09-09 02:55:19
----------------------------------------
loss           : 0.133627
accuracy       : 0.888050
val_loss       : 0.424561
val_accuracy   : 0.850601
----------------------------------------

Epoch 28 - 2025-09-09 02:55:45
----------------------------------------
loss           : 0.131434
accuracy       : 0.889099
val_loss       : 0.467968
val_accuracy   : 0.838589
----------------------------------------

Epoch 29 - 2025-09-09 02:56:09
----------------------------------------
loss           : 0.134339
accuracy       : 0.888470
val_loss       : 0.527255
val_accuracy   : 0.839339
----------------------------------------

Epoch 30 - 2025-09-09 02:56:33
----------------------------------------
loss           : 0.131167
accuracy       : 0.892243
val_loss       : 0.542520
val_accuracy   : 0.831832
----------------------------------------

Epoch 31 - 2025-09-09 02:56:59
----------------------------------------
loss           : 0.129011
accuracy       : 0.891824
val_loss       : 0.511368
val_accuracy   : 0.826577
----------------------------------------

Epoch 32 - 2025-09-09 02:57:24
----------------------------------------
loss           : 0.130002
accuracy       : 0.893711
val_loss       : 0.536273
val_accuracy   : 0.831832
----------------------------------------

Epoch 33 - 2025-09-09 02:57:50
----------------------------------------
loss           : 0.127637
accuracy       : 0.897065
val_loss       : 0.529797
val_accuracy   : 0.825075
----------------------------------------

Epoch 34 - 2025-09-09 02:58:15
----------------------------------------
loss           : 0.131081
accuracy       : 0.889518
val_loss       : 0.532322
val_accuracy   : 0.790541
----------------------------------------

Epoch 35 - 2025-09-09 02:58:38
----------------------------------------
loss           : 0.128652
accuracy       : 0.892034
val_loss       : 0.531377
val_accuracy   : 0.832583
----------------------------------------

Epoch 36 - 2025-09-09 02:59:02
----------------------------------------
loss           : 0.126541
accuracy       : 0.892662
val_loss       : 0.536060
val_accuracy   : 0.845345
----------------------------------------

Epoch 37 - 2025-09-09 02:59:28
----------------------------------------
loss           : 0.126674
accuracy       : 0.898113
val_loss       : 0.440617
val_accuracy   : 0.836336
----------------------------------------

Epoch 38 - 2025-09-09 02:59:53
----------------------------------------
loss           : 0.126046
accuracy       : 0.898952
val_loss       : 0.680092
val_accuracy   : 0.783033
----------------------------------------

Epoch 39 - 2025-09-09 03:00:17
----------------------------------------
loss           : 0.128009
accuracy       : 0.896226
val_loss       : 0.591429
val_accuracy   : 0.812312
----------------------------------------

Epoch 40 - 2025-09-09 03:00:42
----------------------------------------
loss           : 0.124659
accuracy       : 0.899371
val_loss       : 0.540807
val_accuracy   : 0.836336
----------------------------------------

Epoch 41 - 2025-09-09 03:01:08
----------------------------------------
loss           : 0.124357
accuracy       : 0.903774
val_loss       : 0.773913
val_accuracy   : 0.716216
----------------------------------------

Epoch 42 - 2025-09-09 03:01:33
----------------------------------------
loss           : 0.123132
accuracy       : 0.898113
val_loss       : 0.517395
val_accuracy   : 0.845345
----------------------------------------

Epoch 43 - 2025-09-09 03:01:57
----------------------------------------
loss           : 0.123905
accuracy       : 0.896646
val_loss       : 0.563770
val_accuracy   : 0.790541
----------------------------------------

Epoch 44 - 2025-09-09 03:02:22
----------------------------------------
loss           : 0.122386
accuracy       : 0.898323
val_loss       : 0.489139
val_accuracy   : 0.829580
----------------------------------------

Epoch 45 - 2025-09-09 03:02:47
----------------------------------------
loss           : 0.121993
accuracy       : 0.902725
val_loss       : 0.506574
val_accuracy   : 0.841592
----------------------------------------

Epoch 46 - 2025-09-09 03:03:10
----------------------------------------
loss           : 0.121954
accuracy       : 0.903564
val_loss       : 0.545046
val_accuracy   : 0.840841
----------------------------------------

Epoch 47 - 2025-09-09 03:03:36
----------------------------------------
loss           : 0.119881
accuracy       : 0.905031
val_loss       : 0.519116
val_accuracy   : 0.834835
----------------------------------------

Epoch 48 - 2025-09-09 03:04:00
----------------------------------------
loss           : 0.119992
accuracy       : 0.901258
val_loss       : 0.536837
val_accuracy   : 0.832583
----------------------------------------

Epoch 49 - 2025-09-09 03:04:23
----------------------------------------
loss           : 0.119578
accuracy       : 0.904612
val_loss       : 0.553619
val_accuracy   : 0.818318
----------------------------------------

Epoch 50 - 2025-09-09 03:04:46
----------------------------------------
loss           : 0.120217
accuracy       : 0.903145
val_loss       : 0.468451
val_accuracy   : 0.830330
----------------------------------------

Epoch 51 - 2025-09-09 03:05:09
----------------------------------------
loss           : 0.117382
accuracy       : 0.900419
val_loss       : 0.480621
val_accuracy   : 0.834835
----------------------------------------

Epoch 52 - 2025-09-09 03:05:32
----------------------------------------
loss           : 0.118818
accuracy       : 0.905660
val_loss       : 0.444506
val_accuracy   : 0.858108
----------------------------------------

Epoch 53 - 2025-09-09 03:05:56
----------------------------------------
loss           : 0.117759
accuracy       : 0.903774
val_loss       : 0.686964
val_accuracy   : 0.767267
----------------------------------------

Epoch 54 - 2025-09-09 03:06:21
----------------------------------------
loss           : 0.119037
accuracy       : 0.901887
val_loss       : 0.533062
val_accuracy   : 0.828078
----------------------------------------

Epoch 55 - 2025-09-09 03:06:44
----------------------------------------
loss           : 0.119229
accuracy       : 0.904612
val_loss       : 0.542827
val_accuracy   : 0.822072
----------------------------------------

Epoch 56 - 2025-09-09 03:07:07
----------------------------------------
loss           : 0.116358
accuracy       : 0.907128
val_loss       : 0.542301
val_accuracy   : 0.825075
----------------------------------------

Epoch 57 - 2025-09-09 03:07:30
----------------------------------------
loss           : 0.117472
accuracy       : 0.904612
val_loss       : 0.527905
val_accuracy   : 0.840841
----------------------------------------

Epoch 58 - 2025-09-09 03:07:53
----------------------------------------
loss           : 0.116365
accuracy       : 0.910482
val_loss       : 0.519251
val_accuracy   : 0.846096
----------------------------------------

Epoch 59 - 2025-09-09 03:08:16
----------------------------------------
loss           : 0.118287
accuracy       : 0.903774
val_loss       : 0.535855
val_accuracy   : 0.827327
----------------------------------------

Epoch 60 - 2025-09-09 03:08:39
----------------------------------------
loss           : 0.115874
accuracy       : 0.906289
val_loss       : 0.484966
val_accuracy   : 0.841592
----------------------------------------

Epoch 61 - 2025-09-09 03:09:02
----------------------------------------
loss           : 0.117246
accuracy       : 0.907338
val_loss       : 0.629790
val_accuracy   : 0.789039
----------------------------------------

Epoch 62 - 2025-09-09 03:09:27
----------------------------------------
loss           : 0.114721
accuracy       : 0.904402
val_loss       : 0.613375
val_accuracy   : 0.812312
----------------------------------------

Epoch 63 - 2025-09-09 03:09:51
----------------------------------------
loss           : 0.114209
accuracy       : 0.908595
val_loss       : 0.488204
val_accuracy   : 0.857357
----------------------------------------

Epoch 64 - 2025-09-09 03:10:15
----------------------------------------
loss           : 0.113931
accuracy       : 0.912579
val_loss       : 0.550157
val_accuracy   : 0.834084
----------------------------------------

Epoch 65 - 2025-09-09 03:10:38
----------------------------------------
loss           : 0.113500
accuracy       : 0.905660
val_loss       : 0.617181
val_accuracy   : 0.836336
----------------------------------------

Epoch 66 - 2025-09-09 03:11:02
----------------------------------------
loss           : 0.117332
accuracy       : 0.905870
val_loss       : 0.548955
val_accuracy   : 0.826577
----------------------------------------

Epoch 67 - 2025-09-09 03:11:24
----------------------------------------
loss           : 0.115691
accuracy       : 0.906289
val_loss       : 0.577280
val_accuracy   : 0.817568
----------------------------------------

Epoch 68 - 2025-09-09 03:11:47
----------------------------------------
loss           : 0.114073
accuracy       : 0.912369
val_loss       : 0.537674
val_accuracy   : 0.847598
----------------------------------------

Epoch 69 - 2025-09-09 03:12:11
----------------------------------------
loss           : 0.112132
accuracy       : 0.913836
val_loss       : 0.531750
val_accuracy   : 0.836336
----------------------------------------

Epoch 70 - 2025-09-09 03:12:36
----------------------------------------
loss           : 0.112852
accuracy       : 0.914675
val_loss       : 0.561599
val_accuracy   : 0.840841
----------------------------------------

Epoch 71 - 2025-09-09 03:13:00
----------------------------------------
loss           : 0.112050
accuracy       : 0.913208
val_loss       : 0.529939
val_accuracy   : 0.841592
----------------------------------------

Epoch 72 - 2025-09-09 03:13:24
----------------------------------------
loss           : 0.111558
accuracy       : 0.915933
val_loss       : 0.602192
val_accuracy   : 0.827327
----------------------------------------

Epoch 73 - 2025-09-09 03:13:47
----------------------------------------
loss           : 0.112060
accuracy       : 0.911740
val_loss       : 0.554506
val_accuracy   : 0.827327
----------------------------------------

Epoch 74 - 2025-09-09 03:14:11
----------------------------------------
loss           : 0.111378
accuracy       : 0.909853
val_loss       : 0.550589
val_accuracy   : 0.831832
----------------------------------------

Epoch 75 - 2025-09-09 03:14:37
----------------------------------------
loss           : 0.110608
accuracy       : 0.915094
val_loss       : 0.494275
val_accuracy   : 0.840090
----------------------------------------

Epoch 76 - 2025-09-09 03:15:02
----------------------------------------
loss           : 0.110757
accuracy       : 0.912788
val_loss       : 0.554002
val_accuracy   : 0.843844
----------------------------------------

Epoch 77 - 2025-09-09 03:15:25
----------------------------------------
loss           : 0.109041
accuracy       : 0.913208
val_loss       : 0.560233
val_accuracy   : 0.854354
----------------------------------------

Epoch 78 - 2025-09-09 03:15:48
----------------------------------------
loss           : 0.112996
accuracy       : 0.913836
val_loss       : 0.514464
val_accuracy   : 0.841592
----------------------------------------

Epoch 79 - 2025-09-09 03:16:11
----------------------------------------
loss           : 0.111421
accuracy       : 0.910482
val_loss       : 0.848636
val_accuracy   : 0.737988
----------------------------------------

Epoch 80 - 2025-09-09 03:16:34
----------------------------------------
loss           : 0.109242
accuracy       : 0.919497
val_loss       : 0.539485
val_accuracy   : 0.839339
----------------------------------------

Training completed at 2025-09-09 03:16:34.004044
================================================================================
