Training started at 2025-08-27 20:18:45.071067
================================================================================

Epoch 1 - 2025-08-27 20:19:10
----------------------------------------
loss           : 0.224525
accuracy       : 0.541237
val_loss       : 0.766916
val_accuracy   : 0.607438
----------------------------------------

Epoch 2 - 2025-08-27 20:19:30
----------------------------------------
loss           : 0.177376
accuracy       : 0.685098
val_loss       : 0.557760
val_accuracy   : 0.652893
----------------------------------------

Epoch 3 - 2025-08-27 20:19:50
----------------------------------------
loss           : 0.156297
accuracy       : 0.728679
val_loss       : 0.705924
val_accuracy   : 0.619835
----------------------------------------

Epoch 4 - 2025-08-27 20:20:11
----------------------------------------
loss           : 0.140764
accuracy       : 0.750703
val_loss       : 0.872694
val_accuracy   : 0.652893
----------------------------------------

Epoch 5 - 2025-08-27 20:20:31
----------------------------------------
loss           : 0.136552
accuracy       : 0.762418
val_loss       : 0.775118
val_accuracy   : 0.661157
----------------------------------------

Epoch 6 - 2025-08-27 20:20:51
----------------------------------------
loss           : 0.111965
accuracy       : 0.802718
val_loss       : 0.993045
val_accuracy   : 0.673554
----------------------------------------

Epoch 7 - 2025-08-27 20:21:18
----------------------------------------
loss           : 0.101938
accuracy       : 0.826148
val_loss       : 1.016121
val_accuracy   : 0.632231
----------------------------------------

Epoch 8 - 2025-08-27 20:21:47
----------------------------------------
loss           : 0.094340
accuracy       : 0.832240
val_loss       : 1.256656
val_accuracy   : 0.681818
----------------------------------------

Epoch 9 - 2025-08-27 20:22:10
----------------------------------------
loss           : 0.091175
accuracy       : 0.833177
val_loss       : 1.111536
val_accuracy   : 0.681818
----------------------------------------

Epoch 10 - 2025-08-27 20:22:32
----------------------------------------
loss           : 0.084336
accuracy       : 0.842549
val_loss       : 1.651793
val_accuracy   : 0.694215
----------------------------------------

Training completed at 2025-08-27 20:22:32.284304
================================================================================
