Training started at 2025-08-17 22:41:53.704736
================================================================================

Epoch 1 - 2025-08-17 22:43:29
----------------------------------------
loss           : 0.385954
accuracy       : 0.748055
val_loss       : 0.336444
val_accuracy   : 0.902767
----------------------------------------

Epoch 2 - 2025-08-17 22:45:12
----------------------------------------
loss           : 0.186703
accuracy       : 0.835946
val_loss       : 0.719829
val_accuracy   : 0.750198
----------------------------------------

Epoch 3 - 2025-08-17 22:46:42
----------------------------------------
loss           : 0.139387
accuracy       : 0.855219
val_loss       : 0.615815
val_accuracy   : 0.786561
----------------------------------------

Epoch 4 - 2025-08-17 22:48:13
----------------------------------------
loss           : 0.122934
accuracy       : 0.862766
val_loss       : 0.348979
val_accuracy   : 0.882213
----------------------------------------

Epoch 5 - 2025-08-17 22:49:44
----------------------------------------
loss           : 0.113517
accuracy       : 0.867990
val_loss       : 0.300561
val_accuracy   : 0.884585
----------------------------------------

Epoch 6 - 2025-08-17 22:51:25
----------------------------------------
loss           : 0.104380
accuracy       : 0.871938
val_loss       : 0.353311
val_accuracy   : 0.878261
----------------------------------------

Epoch 7 - 2025-08-17 22:52:56
----------------------------------------
loss           : 0.099104
accuracy       : 0.881342
val_loss       : 0.338881
val_accuracy   : 0.889328
----------------------------------------

Epoch 8 - 2025-08-17 22:54:28
----------------------------------------
loss           : 0.093859
accuracy       : 0.889934
val_loss       : 0.276605
val_accuracy   : 0.913043
----------------------------------------

Epoch 9 - 2025-08-17 22:56:13
----------------------------------------
loss           : 0.090440
accuracy       : 0.889353
val_loss       : 0.418120
val_accuracy   : 0.856917
----------------------------------------

Epoch 10 - 2025-08-17 22:57:50
----------------------------------------
loss           : 0.086398
accuracy       : 0.901080
val_loss       : 0.323325
val_accuracy   : 0.887747
----------------------------------------

Epoch 11 - 2025-08-17 22:59:29
----------------------------------------
loss           : 0.081854
accuracy       : 0.904679
val_loss       : 0.474665
val_accuracy   : 0.843478
----------------------------------------

Epoch 12 - 2025-08-17 23:01:03
----------------------------------------
loss           : 0.078161
accuracy       : 0.906653
val_loss       : 0.335569
val_accuracy   : 0.870356
----------------------------------------

Epoch 13 - 2025-08-17 23:02:38
----------------------------------------
loss           : 0.074799
accuracy       : 0.910368
val_loss       : 0.303709
val_accuracy   : 0.898024
----------------------------------------

Epoch 14 - 2025-08-17 23:04:18
----------------------------------------
loss           : 0.070660
accuracy       : 0.919772
val_loss       : 0.241913
val_accuracy   : 0.909091
----------------------------------------

Epoch 15 - 2025-08-17 23:06:25
----------------------------------------
loss           : 0.066761
accuracy       : 0.923488
val_loss       : 0.373224
val_accuracy   : 0.877470
----------------------------------------

Epoch 16 - 2025-08-17 23:08:17
----------------------------------------
loss           : 0.063386
accuracy       : 0.924765
val_loss       : 0.436411
val_accuracy   : 0.864822
----------------------------------------

Epoch 17 - 2025-08-17 23:10:07
----------------------------------------
loss           : 0.060246
accuracy       : 0.926042
val_loss       : 0.358914
val_accuracy   : 0.891700
----------------------------------------

Epoch 18 - 2025-08-17 23:11:54
----------------------------------------
loss           : 0.059582
accuracy       : 0.931499
val_loss       : 0.499473
val_accuracy   : 0.871937
----------------------------------------

Epoch 19 - 2025-08-17 23:13:42
----------------------------------------
loss           : 0.055075
accuracy       : 0.938929
val_loss       : 0.430664
val_accuracy   : 0.861660
----------------------------------------

Epoch 20 - 2025-08-17 23:15:32
----------------------------------------
loss           : 0.052063
accuracy       : 0.942993
val_loss       : 0.457208
val_accuracy   : 0.886957
----------------------------------------

Epoch 21 - 2025-08-17 23:17:18
----------------------------------------
loss           : 0.049877
accuracy       : 0.946825
val_loss       : 0.347166
val_accuracy   : 0.911462
----------------------------------------

Epoch 22 - 2025-08-17 23:19:11
----------------------------------------
loss           : 0.049494
accuracy       : 0.946941
val_loss       : 0.541879
val_accuracy   : 0.867194
----------------------------------------

Epoch 23 - 2025-08-17 23:20:59
----------------------------------------
loss           : 0.048584
accuracy       : 0.951004
val_loss       : 0.405166
val_accuracy   : 0.900395
----------------------------------------

Epoch 24 - 2025-08-17 23:22:59
----------------------------------------
loss           : 0.041073
accuracy       : 0.954952
val_loss       : 0.537239
val_accuracy   : 0.887747
----------------------------------------

Epoch 25 - 2025-08-17 23:24:46
----------------------------------------
loss           : 0.045094
accuracy       : 0.952165
val_loss       : 0.374625
val_accuracy   : 0.901976
----------------------------------------

Epoch 26 - 2025-08-17 23:26:36
----------------------------------------
loss           : 0.041839
accuracy       : 0.956693
val_loss       : 0.387855
val_accuracy   : 0.903557
----------------------------------------

Epoch 27 - 2025-08-17 23:28:29
----------------------------------------
loss           : 0.040735
accuracy       : 0.959248
val_loss       : 0.435226
val_accuracy   : 0.886957
----------------------------------------

Epoch 28 - 2025-08-17 23:30:19
----------------------------------------
loss           : 0.037405
accuracy       : 0.963311
val_loss       : 0.483784
val_accuracy   : 0.905138
----------------------------------------

Epoch 29 - 2025-08-17 23:32:10
----------------------------------------
loss           : 0.039349
accuracy       : 0.962150
val_loss       : 0.408341
val_accuracy   : 0.919368
----------------------------------------

Epoch 30 - 2025-08-17 23:34:01
----------------------------------------
loss           : 0.037542
accuracy       : 0.962034
val_loss       : 0.402155
val_accuracy   : 0.916996
----------------------------------------

Epoch 31 - 2025-08-17 23:35:57
----------------------------------------
loss           : 0.034172
accuracy       : 0.967607
val_loss       : 0.511326
val_accuracy   : 0.916206
----------------------------------------

Epoch 32 - 2025-08-17 23:37:54
----------------------------------------
loss           : 0.034083
accuracy       : 0.964821
val_loss       : 0.486862
val_accuracy   : 0.893281
----------------------------------------

Epoch 33 - 2025-08-17 23:39:47
----------------------------------------
loss           : 0.032482
accuracy       : 0.971439
val_loss       : 0.405008
val_accuracy   : 0.910672
----------------------------------------

Epoch 34 - 2025-08-17 23:41:38
----------------------------------------
loss           : 0.031981
accuracy       : 0.972367
val_loss       : 0.559590
val_accuracy   : 0.871146
----------------------------------------

Epoch 35 - 2025-08-17 23:43:31
----------------------------------------
loss           : 0.032338
accuracy       : 0.967839
val_loss       : 0.505042
val_accuracy   : 0.881423
----------------------------------------

Epoch 36 - 2025-08-17 23:45:22
----------------------------------------
loss           : 0.032095
accuracy       : 0.969697
val_loss       : 0.364596
val_accuracy   : 0.900395
----------------------------------------

Epoch 37 - 2025-08-17 23:47:07
----------------------------------------
loss           : 0.029554
accuracy       : 0.970510
val_loss       : 0.354151
val_accuracy   : 0.906719
----------------------------------------

Epoch 38 - 2025-08-17 23:48:43
----------------------------------------
loss           : 0.030027
accuracy       : 0.974689
val_loss       : 0.399905
val_accuracy   : 0.906719
----------------------------------------

Epoch 39 - 2025-08-17 23:50:20
----------------------------------------
loss           : 0.028171
accuracy       : 0.975154
val_loss       : 0.539602
val_accuracy   : 0.910672
----------------------------------------

Epoch 40 - 2025-08-17 23:51:54
----------------------------------------
loss           : 0.028023
accuracy       : 0.976431
val_loss       : 0.518200
val_accuracy   : 0.908300
----------------------------------------

Epoch 41 - 2025-08-17 23:53:28
----------------------------------------
loss           : 0.029465
accuracy       : 0.975618
val_loss       : 0.363684
val_accuracy   : 0.899605
----------------------------------------

Epoch 42 - 2025-08-17 23:55:01
----------------------------------------
loss           : 0.026455
accuracy       : 0.977360
val_loss       : 0.559384
val_accuracy   : 0.894071
----------------------------------------

Epoch 43 - 2025-08-17 23:56:37
----------------------------------------
loss           : 0.024996
accuracy       : 0.980030
val_loss       : 0.505338
val_accuracy   : 0.878261
----------------------------------------

Epoch 44 - 2025-08-17 23:58:14
----------------------------------------
loss           : 0.028160
accuracy       : 0.972716
val_loss       : 0.553614
val_accuracy   : 0.900395
----------------------------------------

Epoch 45 - 2025-08-17 23:59:47
----------------------------------------
loss           : 0.027037
accuracy       : 0.977824
val_loss       : 0.382741
val_accuracy   : 0.906719
----------------------------------------

Epoch 46 - 2025-08-18 00:01:18
----------------------------------------
loss           : 0.025387
accuracy       : 0.978637
val_loss       : 0.506341
val_accuracy   : 0.883794
----------------------------------------

Epoch 47 - 2025-08-18 00:02:48
----------------------------------------
loss           : 0.024544
accuracy       : 0.979798
val_loss       : 0.435570
val_accuracy   : 0.911462
----------------------------------------

Epoch 48 - 2025-08-18 00:04:19
----------------------------------------
loss           : 0.024915
accuracy       : 0.979798
val_loss       : 0.561257
val_accuracy   : 0.893281
----------------------------------------

Epoch 49 - 2025-08-18 00:05:50
----------------------------------------
loss           : 0.022274
accuracy       : 0.980495
val_loss       : 0.512028
val_accuracy   : 0.896443
----------------------------------------

Epoch 50 - 2025-08-18 00:07:26
----------------------------------------
loss           : 0.023282
accuracy       : 0.982236
val_loss       : 0.393410
val_accuracy   : 0.912253
----------------------------------------

Epoch 51 - 2025-08-18 00:09:05
----------------------------------------
loss           : 0.023596
accuracy       : 0.978869
val_loss       : 0.575414
val_accuracy   : 0.895652
----------------------------------------

Epoch 52 - 2025-08-18 00:10:42
----------------------------------------
loss           : 0.022286
accuracy       : 0.981656
val_loss       : 0.509421
val_accuracy   : 0.905929
----------------------------------------

Epoch 53 - 2025-08-18 00:12:19
----------------------------------------
loss           : 0.024263
accuracy       : 0.980843
val_loss       : 0.475026
val_accuracy   : 0.908300
----------------------------------------

Epoch 54 - 2025-08-18 00:13:56
----------------------------------------
loss           : 0.022242
accuracy       : 0.982468
val_loss       : 0.390751
val_accuracy   : 0.918577
----------------------------------------

Epoch 55 - 2025-08-18 00:15:30
----------------------------------------
loss           : 0.020658
accuracy       : 0.983978
val_loss       : 0.461304
val_accuracy   : 0.911462
----------------------------------------

Epoch 56 - 2025-08-18 00:17:01
----------------------------------------
loss           : 0.023319
accuracy       : 0.982933
val_loss       : 0.400875
val_accuracy   : 0.907510
----------------------------------------

Epoch 57 - 2025-08-18 00:18:32
----------------------------------------
loss           : 0.021764
accuracy       : 0.984326
val_loss       : 0.379046
val_accuracy   : 0.905138
----------------------------------------

Epoch 58 - 2025-08-18 00:20:05
----------------------------------------
loss           : 0.019881
accuracy       : 0.983397
val_loss       : 0.567255
val_accuracy   : 0.907510
----------------------------------------

Epoch 59 - 2025-08-18 00:21:37
----------------------------------------
loss           : 0.019864
accuracy       : 0.983978
val_loss       : 0.543614
val_accuracy   : 0.902767
----------------------------------------

Epoch 60 - 2025-08-18 00:23:12
----------------------------------------
loss           : 0.023164
accuracy       : 0.980379
val_loss       : 0.558462
val_accuracy   : 0.898024
----------------------------------------

Epoch 61 - 2025-08-18 00:24:47
----------------------------------------
loss           : 0.019838
accuracy       : 0.985603
val_loss       : 0.460014
val_accuracy   : 0.904348
----------------------------------------

Epoch 62 - 2025-08-18 00:26:21
----------------------------------------
loss           : 0.018197
accuracy       : 0.986184
val_loss       : 0.585583
val_accuracy   : 0.905138
----------------------------------------

Epoch 63 - 2025-08-18 00:27:52
----------------------------------------
loss           : 0.019625
accuracy       : 0.984326
val_loss       : 0.618690
val_accuracy   : 0.896443
----------------------------------------

Epoch 64 - 2025-08-18 00:29:27
----------------------------------------
loss           : 0.021562
accuracy       : 0.982817
val_loss       : 0.476942
val_accuracy   : 0.894862
----------------------------------------

Epoch 65 - 2025-08-18 00:31:02
----------------------------------------
loss           : 0.018512
accuracy       : 0.985487
val_loss       : 0.408259
val_accuracy   : 0.914625
----------------------------------------

Epoch 66 - 2025-08-18 00:32:37
----------------------------------------
loss           : 0.018857
accuracy       : 0.986880
val_loss       : 0.547883
val_accuracy   : 0.909091
----------------------------------------

Epoch 67 - 2025-08-18 00:34:11
----------------------------------------
loss           : 0.019234
accuracy       : 0.986068
val_loss       : 0.618750
val_accuracy   : 0.890119
----------------------------------------

Epoch 68 - 2025-08-18 00:35:47
----------------------------------------
loss           : 0.020191
accuracy       : 0.984558
val_loss       : 0.531845
val_accuracy   : 0.898024
----------------------------------------

Epoch 69 - 2025-08-18 00:37:22
----------------------------------------
loss           : 0.017426
accuracy       : 0.987809
val_loss       : 0.478174
val_accuracy   : 0.905929
----------------------------------------

Epoch 70 - 2025-08-18 00:38:57
----------------------------------------
loss           : 0.017793
accuracy       : 0.986764
val_loss       : 0.536511
val_accuracy   : 0.898814
----------------------------------------

Epoch 71 - 2025-08-18 00:40:32
----------------------------------------
loss           : 0.017959
accuracy       : 0.986996
val_loss       : 0.548544
val_accuracy   : 0.898024
----------------------------------------

Epoch 72 - 2025-08-18 00:42:05
----------------------------------------
loss           : 0.017698
accuracy       : 0.986068
val_loss       : 0.677917
val_accuracy   : 0.882213
----------------------------------------

Epoch 73 - 2025-08-18 00:43:37
----------------------------------------
loss           : 0.018616
accuracy       : 0.985835
val_loss       : 0.482205
val_accuracy   : 0.894071
----------------------------------------

Epoch 74 - 2025-08-18 00:45:21
----------------------------------------
loss           : 0.016186
accuracy       : 0.990828
val_loss       : 0.568587
val_accuracy   : 0.874308
----------------------------------------

Epoch 75 - 2025-08-18 00:47:01
----------------------------------------
loss           : 0.016613
accuracy       : 0.988970
val_loss       : 0.754986
val_accuracy   : 0.879051
----------------------------------------

Epoch 76 - 2025-08-18 00:48:39
----------------------------------------
loss           : 0.017302
accuracy       : 0.987925
val_loss       : 0.552749
val_accuracy   : 0.901976
----------------------------------------

Epoch 77 - 2025-08-18 00:50:18
----------------------------------------
loss           : 0.018525
accuracy       : 0.987345
val_loss       : 0.484590
val_accuracy   : 0.889328
----------------------------------------

Epoch 78 - 2025-08-18 00:51:56
----------------------------------------
loss           : 0.016837
accuracy       : 0.986880
val_loss       : 0.522803
val_accuracy   : 0.905929
----------------------------------------

Epoch 79 - 2025-08-18 00:53:34
----------------------------------------
loss           : 0.015700
accuracy       : 0.987577
val_loss       : 0.528882
val_accuracy   : 0.902767
----------------------------------------

Epoch 80 - 2025-08-18 00:55:08
----------------------------------------
loss           : 0.015343
accuracy       : 0.990015
val_loss       : 0.456786
val_accuracy   : 0.912253
----------------------------------------

Training completed at 2025-08-18 00:55:08.214793
================================================================================
