Training started at 2025-09-09 00:00:27.093129
================================================================================

Epoch 1 - 2025-09-09 00:01:11
----------------------------------------
loss           : 1.102679
accuracy       : 0.757315
val_loss       : 1.104745
val_accuracy   : 0.704114
----------------------------------------

Epoch 2 - 2025-09-09 00:01:52
----------------------------------------
loss           : 0.605210
accuracy       : 0.836507
val_loss       : 0.587451
val_accuracy   : 0.903481
----------------------------------------

Epoch 3 - 2025-09-09 00:02:32
----------------------------------------
loss           : 0.394612
accuracy       : 0.851486
val_loss       : 0.422172
val_accuracy   : 0.917722
----------------------------------------

Epoch 4 - 2025-09-09 00:03:11
----------------------------------------
loss           : 0.276708
accuracy       : 0.860543
val_loss       : 0.462484
val_accuracy   : 0.878165
----------------------------------------

Epoch 5 - 2025-09-09 00:03:52
----------------------------------------
loss           : 0.210070
accuracy       : 0.866117
val_loss       : 0.413266
val_accuracy   : 0.875791
----------------------------------------

Epoch 6 - 2025-09-09 00:04:31
----------------------------------------
loss           : 0.175557
accuracy       : 0.861124
val_loss       : 0.352088
val_accuracy   : 0.885285
----------------------------------------

Epoch 7 - 2025-09-09 00:05:11
----------------------------------------
loss           : 0.153011
accuracy       : 0.876684
val_loss       : 0.478906
val_accuracy   : 0.829905
----------------------------------------

Epoch 8 - 2025-09-09 00:05:50
----------------------------------------
loss           : 0.140671
accuracy       : 0.874477
val_loss       : 0.349685
val_accuracy   : 0.873418
----------------------------------------

Epoch 9 - 2025-09-09 00:06:30
----------------------------------------
loss           : 0.128640
accuracy       : 0.881793
val_loss       : 0.283281
val_accuracy   : 0.901108
----------------------------------------

Epoch 10 - 2025-09-09 00:07:09
----------------------------------------
loss           : 0.122441
accuracy       : 0.882490
val_loss       : 0.254394
val_accuracy   : 0.901108
----------------------------------------

Epoch 11 - 2025-09-09 00:07:49
----------------------------------------
loss           : 0.118419
accuracy       : 0.882606
val_loss       : 0.280629
val_accuracy   : 0.907437
----------------------------------------

Epoch 12 - 2025-09-09 00:08:28
----------------------------------------
loss           : 0.112036
accuracy       : 0.881328
val_loss       : 0.272789
val_accuracy   : 0.888449
----------------------------------------

Epoch 13 - 2025-09-09 00:09:08
----------------------------------------
loss           : 0.109311
accuracy       : 0.889340
val_loss       : 0.325838
val_accuracy   : 0.890823
----------------------------------------

Epoch 14 - 2025-09-09 00:09:48
----------------------------------------
loss           : 0.107576
accuracy       : 0.887599
val_loss       : 0.398176
val_accuracy   : 0.855222
----------------------------------------

Epoch 15 - 2025-09-09 00:10:27
----------------------------------------
loss           : 0.104060
accuracy       : 0.891779
val_loss       : 0.268667
val_accuracy   : 0.895570
----------------------------------------

Epoch 16 - 2025-09-09 00:11:08
----------------------------------------
loss           : 0.102476
accuracy       : 0.891895
val_loss       : 0.240364
val_accuracy   : 0.920886
----------------------------------------

Epoch 17 - 2025-09-09 00:11:48
----------------------------------------
loss           : 0.099703
accuracy       : 0.891663
val_loss       : 0.235481
val_accuracy   : 0.909810
----------------------------------------

Epoch 18 - 2025-09-09 00:12:27
----------------------------------------
loss           : 0.096655
accuracy       : 0.899907
val_loss       : 0.247659
val_accuracy   : 0.907437
----------------------------------------

Epoch 19 - 2025-09-09 00:13:10
----------------------------------------
loss           : 0.098756
accuracy       : 0.895495
val_loss       : 0.312238
val_accuracy   : 0.895570
----------------------------------------

Epoch 20 - 2025-09-09 00:13:49
----------------------------------------
loss           : 0.095536
accuracy       : 0.892708
val_loss       : 0.345648
val_accuracy   : 0.880538
----------------------------------------

Epoch 21 - 2025-09-09 00:14:29
----------------------------------------
loss           : 0.093454
accuracy       : 0.898746
val_loss       : 0.255980
val_accuracy   : 0.916139
----------------------------------------

Epoch 22 - 2025-09-09 00:15:08
----------------------------------------
loss           : 0.094365
accuracy       : 0.899791
val_loss       : 0.359431
val_accuracy   : 0.890032
----------------------------------------

Epoch 23 - 2025-09-09 00:15:48
----------------------------------------
loss           : 0.092860
accuracy       : 0.899791
val_loss       : 0.245596
val_accuracy   : 0.899525
----------------------------------------

Epoch 24 - 2025-09-09 00:16:28
----------------------------------------
loss           : 0.091467
accuracy       : 0.902694
val_loss       : 0.277397
val_accuracy   : 0.897152
----------------------------------------

Epoch 25 - 2025-09-09 00:17:10
----------------------------------------
loss           : 0.090429
accuracy       : 0.902346
val_loss       : 0.280848
val_accuracy   : 0.901899
----------------------------------------

Epoch 26 - 2025-09-09 00:17:50
----------------------------------------
loss           : 0.090048
accuracy       : 0.901881
val_loss       : 0.269633
val_accuracy   : 0.902690
----------------------------------------

Epoch 27 - 2025-09-09 00:18:31
----------------------------------------
loss           : 0.090265
accuracy       : 0.900952
val_loss       : 0.325201
val_accuracy   : 0.883703
----------------------------------------

Epoch 28 - 2025-09-09 00:19:11
----------------------------------------
loss           : 0.087341
accuracy       : 0.903507
val_loss       : 0.259758
val_accuracy   : 0.905854
----------------------------------------

Epoch 29 - 2025-09-09 00:19:51
----------------------------------------
loss           : 0.088548
accuracy       : 0.902926
val_loss       : 0.355422
val_accuracy   : 0.885285
----------------------------------------

Epoch 30 - 2025-09-09 00:20:32
----------------------------------------
loss           : 0.088010
accuracy       : 0.902926
val_loss       : 0.300020
val_accuracy   : 0.901899
----------------------------------------

Epoch 31 - 2025-09-09 00:21:12
----------------------------------------
loss           : 0.085011
accuracy       : 0.909777
val_loss       : 0.354959
val_accuracy   : 0.878165
----------------------------------------

Epoch 32 - 2025-09-09 00:21:52
----------------------------------------
loss           : 0.086363
accuracy       : 0.910009
val_loss       : 0.248428
val_accuracy   : 0.897152
----------------------------------------

Epoch 33 - 2025-09-09 00:22:32
----------------------------------------
loss           : 0.083213
accuracy       : 0.915467
val_loss       : 0.262521
val_accuracy   : 0.912184
----------------------------------------

Epoch 34 - 2025-09-09 00:23:11
----------------------------------------
loss           : 0.087518
accuracy       : 0.904668
val_loss       : 0.279715
val_accuracy   : 0.881329
----------------------------------------

Epoch 35 - 2025-09-09 00:23:51
----------------------------------------
loss           : 0.086311
accuracy       : 0.911867
val_loss       : 0.327493
val_accuracy   : 0.891614
----------------------------------------

Epoch 36 - 2025-09-09 00:24:30
----------------------------------------
loss           : 0.084713
accuracy       : 0.917325
val_loss       : 0.275250
val_accuracy   : 0.904272
----------------------------------------

Epoch 37 - 2025-09-09 00:25:10
----------------------------------------
loss           : 0.084594
accuracy       : 0.909661
val_loss       : 0.334174
val_accuracy   : 0.894778
----------------------------------------

Epoch 38 - 2025-09-09 00:25:49
----------------------------------------
loss           : 0.082754
accuracy       : 0.909777
val_loss       : 0.268929
val_accuracy   : 0.893987
----------------------------------------

Epoch 39 - 2025-09-09 00:26:29
----------------------------------------
loss           : 0.082891
accuracy       : 0.912332
val_loss       : 0.307251
val_accuracy   : 0.906646
----------------------------------------

Epoch 40 - 2025-09-09 00:27:08
----------------------------------------
loss           : 0.081828
accuracy       : 0.913261
val_loss       : 0.345857
val_accuracy   : 0.905063
----------------------------------------

Epoch 41 - 2025-09-09 00:27:47
----------------------------------------
loss           : 0.080208
accuracy       : 0.913261
val_loss       : 0.372323
val_accuracy   : 0.886867
----------------------------------------

Epoch 42 - 2025-09-09 00:28:27
----------------------------------------
loss           : 0.082074
accuracy       : 0.912796
val_loss       : 0.391935
val_accuracy   : 0.877373
----------------------------------------

Epoch 43 - 2025-09-09 00:29:06
----------------------------------------
loss           : 0.083093
accuracy       : 0.915583
val_loss       : 0.344541
val_accuracy   : 0.876582
----------------------------------------

Epoch 44 - 2025-09-09 00:29:45
----------------------------------------
loss           : 0.079835
accuracy       : 0.920111
val_loss       : 0.345558
val_accuracy   : 0.892405
----------------------------------------

Epoch 45 - 2025-09-09 00:30:24
----------------------------------------
loss           : 0.080404
accuracy       : 0.917673
val_loss       : 0.318740
val_accuracy   : 0.890032
----------------------------------------

Epoch 46 - 2025-09-09 00:31:03
----------------------------------------
loss           : 0.078831
accuracy       : 0.917789
val_loss       : 0.317559
val_accuracy   : 0.890823
----------------------------------------

Epoch 47 - 2025-09-09 00:31:43
----------------------------------------
loss           : 0.080268
accuracy       : 0.914654
val_loss       : 0.354056
val_accuracy   : 0.875000
----------------------------------------

Epoch 48 - 2025-09-09 00:32:23
----------------------------------------
loss           : 0.078392
accuracy       : 0.918137
val_loss       : 0.280085
val_accuracy   : 0.910601
----------------------------------------

Epoch 49 - 2025-09-09 00:33:04
----------------------------------------
loss           : 0.078433
accuracy       : 0.916512
val_loss       : 0.280154
val_accuracy   : 0.904272
----------------------------------------

Epoch 50 - 2025-09-09 00:33:46
----------------------------------------
loss           : 0.078381
accuracy       : 0.918602
val_loss       : 0.382086
val_accuracy   : 0.884494
----------------------------------------

Epoch 51 - 2025-09-09 00:34:28
----------------------------------------
loss           : 0.077652
accuracy       : 0.916860
val_loss       : 0.383900
val_accuracy   : 0.893987
----------------------------------------

Epoch 52 - 2025-09-09 00:35:12
----------------------------------------
loss           : 0.079939
accuracy       : 0.914770
val_loss       : 0.282626
val_accuracy   : 0.903481
----------------------------------------

Epoch 53 - 2025-09-09 00:35:53
----------------------------------------
loss           : 0.077495
accuracy       : 0.918254
val_loss       : 0.353867
val_accuracy   : 0.882911
----------------------------------------

Epoch 54 - 2025-09-09 00:36:33
----------------------------------------
loss           : 0.077741
accuracy       : 0.918137
val_loss       : 0.291283
val_accuracy   : 0.902690
----------------------------------------

Epoch 55 - 2025-09-09 00:37:13
----------------------------------------
loss           : 0.077484
accuracy       : 0.920808
val_loss       : 0.340783
val_accuracy   : 0.891614
----------------------------------------

Epoch 56 - 2025-09-09 00:37:53
----------------------------------------
loss           : 0.077536
accuracy       : 0.916744
val_loss       : 0.328127
val_accuracy   : 0.905854
----------------------------------------

Epoch 57 - 2025-09-09 00:38:32
----------------------------------------
loss           : 0.077625
accuracy       : 0.918486
val_loss       : 0.413162
val_accuracy   : 0.890032
----------------------------------------

Epoch 58 - 2025-09-09 00:39:13
----------------------------------------
loss           : 0.077143
accuracy       : 0.918254
val_loss       : 0.293880
val_accuracy   : 0.905854
----------------------------------------

Epoch 59 - 2025-09-09 00:39:52
----------------------------------------
loss           : 0.077595
accuracy       : 0.919299
val_loss       : 0.296230
val_accuracy   : 0.883703
----------------------------------------

Epoch 60 - 2025-09-09 00:40:32
----------------------------------------
loss           : 0.076239
accuracy       : 0.921157
val_loss       : 0.304565
val_accuracy   : 0.899525
----------------------------------------

Epoch 61 - 2025-09-09 00:41:13
----------------------------------------
loss           : 0.075151
accuracy       : 0.925104
val_loss       : 0.396679
val_accuracy   : 0.889241
----------------------------------------

Epoch 62 - 2025-09-09 00:41:55
----------------------------------------
loss           : 0.075303
accuracy       : 0.922666
val_loss       : 0.336921
val_accuracy   : 0.902690
----------------------------------------

Epoch 63 - 2025-09-09 00:42:35
----------------------------------------
loss           : 0.075511
accuracy       : 0.924292
val_loss       : 0.346324
val_accuracy   : 0.894778
----------------------------------------

Epoch 64 - 2025-09-09 00:43:15
----------------------------------------
loss           : 0.073359
accuracy       : 0.926266
val_loss       : 0.339931
val_accuracy   : 0.906646
----------------------------------------

Epoch 65 - 2025-09-09 00:43:55
----------------------------------------
loss           : 0.073387
accuracy       : 0.924524
val_loss       : 0.372592
val_accuracy   : 0.886076
----------------------------------------

Epoch 66 - 2025-09-09 00:44:35
----------------------------------------
loss           : 0.073735
accuracy       : 0.923827
val_loss       : 0.333739
val_accuracy   : 0.905063
----------------------------------------

Epoch 67 - 2025-09-09 00:45:16
----------------------------------------
loss           : 0.073876
accuracy       : 0.926730
val_loss       : 0.322978
val_accuracy   : 0.907437
----------------------------------------

Epoch 68 - 2025-09-09 00:45:56
----------------------------------------
loss           : 0.073245
accuracy       : 0.926382
val_loss       : 0.355214
val_accuracy   : 0.891614
----------------------------------------

Epoch 69 - 2025-09-09 00:46:38
----------------------------------------
loss           : 0.073974
accuracy       : 0.922318
val_loss       : 0.358230
val_accuracy   : 0.905063
----------------------------------------

Epoch 70 - 2025-09-09 00:47:19
----------------------------------------
loss           : 0.073255
accuracy       : 0.926614
val_loss       : 0.318340
val_accuracy   : 0.889241
----------------------------------------

Epoch 71 - 2025-09-09 00:48:00
----------------------------------------
loss           : 0.073731
accuracy       : 0.926382
val_loss       : 0.267017
val_accuracy   : 0.903481
----------------------------------------

Epoch 72 - 2025-09-09 00:48:40
----------------------------------------
loss           : 0.072932
accuracy       : 0.926266
val_loss       : 0.264332
val_accuracy   : 0.897152
----------------------------------------

Epoch 73 - 2025-09-09 00:49:20
----------------------------------------
loss           : 0.072986
accuracy       : 0.928356
val_loss       : 0.438845
val_accuracy   : 0.878165
----------------------------------------

Epoch 74 - 2025-09-09 00:50:00
----------------------------------------
loss           : 0.072351
accuracy       : 0.926614
val_loss       : 0.341411
val_accuracy   : 0.890032
----------------------------------------

Epoch 75 - 2025-09-09 00:50:40
----------------------------------------
loss           : 0.071601
accuracy       : 0.929285
val_loss       : 0.323989
val_accuracy   : 0.910601
----------------------------------------

Epoch 76 - 2025-09-09 00:51:21
----------------------------------------
loss           : 0.071233
accuracy       : 0.928240
val_loss       : 0.449556
val_accuracy   : 0.894778
----------------------------------------

Epoch 77 - 2025-09-09 00:52:01
----------------------------------------
loss           : 0.069494
accuracy       : 0.931723
val_loss       : 0.332182
val_accuracy   : 0.902690
----------------------------------------

Epoch 78 - 2025-09-09 00:52:41
----------------------------------------
loss           : 0.071604
accuracy       : 0.928124
val_loss       : 0.312293
val_accuracy   : 0.905063
----------------------------------------

Epoch 79 - 2025-09-09 00:53:22
----------------------------------------
loss           : 0.070785
accuracy       : 0.931143
val_loss       : 0.329725
val_accuracy   : 0.900316
----------------------------------------

Epoch 80 - 2025-09-09 00:54:02
----------------------------------------
loss           : 0.071697
accuracy       : 0.926962
val_loss       : 0.314371
val_accuracy   : 0.908228
----------------------------------------

Training completed at 2025-09-09 00:54:02.749745
================================================================================
